[0.092s] Invoking command in '/home/orangepi/catkin_ws/build/yolov5_vision': /usr/bin/cmake --build /home/orangepi/catkin_ws/build/yolov5_vision -- -j8 -l8
[0.320s] [35m[1mConsolidate compiler generated dependencies of target vision_node[0m
[0.394s] [ 14%] [32mBuilding CXX object CMakeFiles/vision_node.dir/vision_node.cpp.o[0m
[25.029s] [ 28%] [32m[1mLinking CXX executable vision_node[0m
[27.261s] [100%] Built target vision_node
[27.305s] Invoked command in '/home/orangepi/catkin_ws/build/yolov5_vision' returned '0': /usr/bin/cmake --build /home/orangepi/catkin_ws/build/yolov5_vision -- -j8 -l8
[27.328s] Invoking command in '/home/orangepi/catkin_ws/build/yolov5_vision': /usr/bin/cmake --install /home/orangepi/catkin_ws/build/yolov5_vision
[27.346s] -- Install configuration: ""
[27.347s] -- Installing: /home/orangepi/catkin_ws/install/yolov5_vision/lib/yolov5_vision/vision_node
[27.352s] -- Set runtime path of "/home/orangepi/catkin_ws/install/yolov5_vision/lib/yolov5_vision/vision_node" to ""
[27.354s] -- Up-to-date: /home/orangepi/catkin_ws/install/yolov5_vision/share/ament_index/resource_index/package_run_dependencies/yolov5_vision
[27.354s] -- Up-to-date: /home/orangepi/catkin_ws/install/yolov5_vision/share/ament_index/resource_index/parent_prefix_path/yolov5_vision
[27.354s] -- Up-to-date: /home/orangepi/catkin_ws/install/yolov5_vision/share/yolov5_vision/environment/ament_prefix_path.sh
[27.354s] -- Up-to-date: /home/orangepi/catkin_ws/install/yolov5_vision/share/yolov5_vision/environment/ament_prefix_path.dsv
[27.354s] -- Up-to-date: /home/orangepi/catkin_ws/install/yolov5_vision/share/yolov5_vision/environment/path.sh
[27.362s] -- Up-to-date: /home/orangepi/catkin_ws/install/yolov5_vision/share/yolov5_vision/environment/path.dsv
[27.362s] -- Up-to-date: /home/orangepi/catkin_ws/install/yolov5_vision/share/yolov5_vision/local_setup.bash
[27.363s] -- Up-to-date: /home/orangepi/catkin_ws/install/yolov5_vision/share/yolov5_vision/local_setup.sh
[27.363s] -- Up-to-date: /home/orangepi/catkin_ws/install/yolov5_vision/share/yolov5_vision/local_setup.zsh
[27.363s] -- Up-to-date: /home/orangepi/catkin_ws/install/yolov5_vision/share/yolov5_vision/local_setup.dsv
[27.364s] -- Installing: /home/orangepi/catkin_ws/install/yolov5_vision/share/yolov5_vision/package.dsv
[27.364s] -- Up-to-date: /home/orangepi/catkin_ws/install/yolov5_vision/share/ament_index/resource_index/packages/yolov5_vision
[27.364s] -- Up-to-date: /home/orangepi/catkin_ws/install/yolov5_vision/share/yolov5_vision/cmake/yolov5_visionConfig.cmake
[27.369s] -- Up-to-date: /home/orangepi/catkin_ws/install/yolov5_vision/share/yolov5_vision/cmake/yolov5_visionConfig-version.cmake
[27.370s] -- Up-to-date: /home/orangepi/catkin_ws/install/yolov5_vision/share/yolov5_vision/package.xml
[27.370s] -- Up-to-date: /home/orangepi/catkin_ws/install/yolov5_vision/share/yolov5_vision/launch
[27.370s] -- Up-to-date: /home/orangepi/catkin_ws/install/yolov5_vision/share/yolov5_vision/launch/ball_track.launch.py
[27.371s] Invoked command in '/home/orangepi/catkin_ws/build/yolov5_vision' returned '0': /usr/bin/cmake --install /home/orangepi/catkin_ws/build/yolov5_vision
