[0.070s] Invoking command in '/home/orangepi/catkin_ws/build/motor_control': /usr/bin/cmake --build /home/orangepi/catkin_ws/build/motor_control -- -j8 -l8
[0.383s] [ 50%] [32mBuilding CXX object CMakeFiles/motor_node.dir/motor_node.cpp.o[0m
[20.503s] [100%] [32m[1mLinking CXX executable motor_node[0m
[21.573s] [100%] Built target motor_node
[21.604s] Invoked command in '/home/orangepi/catkin_ws/build/motor_control' returned '0': /usr/bin/cmake --build /home/orangepi/catkin_ws/build/motor_control -- -j8 -l8
[21.608s] Invoking command in '/home/orangepi/catkin_ws/build/motor_control': /usr/bin/cmake --install /home/orangepi/catkin_ws/build/motor_control
[21.620s] -- Install configuration: ""
[21.623s] -- Installing: /home/orangepi/catkin_ws/install/motor_control/lib/motor_control/motor_node
[21.628s] -- Set runtime path of "/home/orangepi/catkin_ws/install/motor_control/lib/motor_control/motor_node" to ""
[21.629s] -- Up-to-date: /home/orangepi/catkin_ws/install/motor_control/share/ament_index/resource_index/package_run_dependencies/motor_control
[21.629s] -- Up-to-date: /home/orangepi/catkin_ws/install/motor_control/share/ament_index/resource_index/parent_prefix_path/motor_control
[21.630s] -- Up-to-date: /home/orangepi/catkin_ws/install/motor_control/share/motor_control/environment/ament_prefix_path.sh
[21.630s] -- Up-to-date: /home/orangepi/catkin_ws/install/motor_control/share/motor_control/environment/ament_prefix_path.dsv
[21.630s] -- Up-to-date: /home/orangepi/catkin_ws/install/motor_control/share/motor_control/environment/path.sh
[21.631s] -- Up-to-date: /home/orangepi/catkin_ws/install/motor_control/share/motor_control/environment/path.dsv
[21.631s] -- Up-to-date: /home/orangepi/catkin_ws/install/motor_control/share/motor_control/local_setup.bash
[21.631s] -- Up-to-date: /home/orangepi/catkin_ws/install/motor_control/share/motor_control/local_setup.sh
[21.632s] -- Up-to-date: /home/orangepi/catkin_ws/install/motor_control/share/motor_control/local_setup.zsh
[21.633s] -- Up-to-date: /home/orangepi/catkin_ws/install/motor_control/share/motor_control/local_setup.dsv
[21.634s] -- Installing: /home/orangepi/catkin_ws/install/motor_control/share/motor_control/package.dsv
[21.635s] -- Up-to-date: /home/orangepi/catkin_ws/install/motor_control/share/ament_index/resource_index/packages/motor_control
[21.636s] -- Up-to-date: /home/orangepi/catkin_ws/install/motor_control/share/motor_control/cmake/motor_controlConfig.cmake
[21.637s] -- Up-to-date: /home/orangepi/catkin_ws/install/motor_control/share/motor_control/cmake/motor_controlConfig-version.cmake
[21.638s] -- Up-to-date: /home/orangepi/catkin_ws/install/motor_control/share/motor_control/package.xml
[21.639s] Invoked command in '/home/orangepi/catkin_ws/build/motor_control' returned '0': /usr/bin/cmake --install /home/orangepi/catkin_ws/build/motor_control
