[0.055s] Invoking command in '/home/orangepi/catkin_ws/build/yolov5_vision': /usr/bin/cmake --build /home/orangepi/catkin_ws/build/yolov5_vision -- -j8 -l8
[0.186s] [35m[1mConsolidate compiler generated dependencies of target vision_node[0m
[0.249s] [100%] Built target vision_node
[0.269s] Invoked command in '/home/orangepi/catkin_ws/build/yolov5_vision' returned '0': /usr/bin/cmake --build /home/orangepi/catkin_ws/build/yolov5_vision -- -j8 -l8
[0.304s] Invoking command in '/home/orangepi/catkin_ws/build/yolov5_vision': /usr/bin/cmake --install /home/orangepi/catkin_ws/build/yolov5_vision
[0.330s] -- Install configuration: ""
[0.330s] -- Up-to-date: /home/orangepi/catkin_ws/install/yolov5_vision/lib/yolov5_vision/vision_node
[0.331s] -- Up-to-date: /home/orangepi/catkin_ws/install/yolov5_vision/share/ament_index/resource_index/package_run_dependencies/yolov5_vision
[0.332s] -- Up-to-date: /home/orangepi/catkin_ws/install/yolov5_vision/share/ament_index/resource_index/parent_prefix_path/yolov5_vision
[0.332s] -- Up-to-date: /home/orangepi/catkin_ws/install/yolov5_vision/share/yolov5_vision/environment/ament_prefix_path.sh
[0.334s] -- Up-to-date: /home/orangepi/catkin_ws/install/yolov5_vision/share/yolov5_vision/environment/ament_prefix_path.dsv
[0.335s] -- Up-to-date: /home/orangepi/catkin_ws/install/yolov5_vision/share/yolov5_vision/environment/path.sh
[0.336s] -- Up-to-date: /home/orangepi/catkin_ws/install/yolov5_vision/share/yolov5_vision/environment/path.dsv
[0.337s] -- Up-to-date: /home/orangepi/catkin_ws/install/yolov5_vision/share/yolov5_vision/local_setup.bash
[0.339s] -- Up-to-date: /home/orangepi/catkin_ws/install/yolov5_vision/share/yolov5_vision/local_setup.sh
[0.340s] -- Up-to-date: /home/orangepi/catkin_ws/install/yolov5_vision/share/yolov5_vision/local_setup.zsh
[0.341s] -- Up-to-date: /home/orangepi/catkin_ws/install/yolov5_vision/share/yolov5_vision/local_setup.dsv
[0.341s] -- Installing: /home/orangepi/catkin_ws/install/yolov5_vision/share/yolov5_vision/package.dsv
[0.343s] -- Up-to-date: /home/orangepi/catkin_ws/install/yolov5_vision/share/ament_index/resource_index/packages/yolov5_vision
[0.344s] -- Up-to-date: /home/orangepi/catkin_ws/install/yolov5_vision/share/yolov5_vision/cmake/yolov5_visionConfig.cmake
[0.346s] -- Up-to-date: /home/orangepi/catkin_ws/install/yolov5_vision/share/yolov5_vision/cmake/yolov5_visionConfig-version.cmake
[0.347s] -- Up-to-date: /home/orangepi/catkin_ws/install/yolov5_vision/share/yolov5_vision/package.xml
[0.348s] -- Up-to-date: /home/orangepi/catkin_ws/install/yolov5_vision/share/yolov5_vision/launch
[0.349s] -- Up-to-date: /home/orangepi/catkin_ws/install/yolov5_vision/share/yolov5_vision/launch/ball_track.launch.py
[0.350s] Invoked command in '/home/orangepi/catkin_ws/build/yolov5_vision' returned '0': /usr/bin/cmake --install /home/orangepi/catkin_ws/build/yolov5_vision
