-- The C compiler identification is GNU 11.4.0
-- The CXX compiler identification is GNU 11.4.0
-- Detecting C compiler ABI info
-- Detecting C compiler ABI info - done
-- Check for working C compiler: /usr/bin/cc - skipped
-- Detecting C compile features
-- Detecting C compile features - done
-- Detecting CXX compiler ABI info
-- Detecting CXX compiler ABI info - done
-- Check for working CXX compiler: /usr/bin/c++ - skipped
-- Detecting CXX compile features
-- Detecting CXX compile features - done
-- Found OpenCV: /usr (found version "4.5.4") 
-- Found JPEG: /usr/lib/aarch64-linux-gnu/libjpeg.so (found version "80") 
-- Found ament_cmake: 1.3.14 (/opt/ros/humble/share/ament_cmake/cmake)
-- Found Python3: /usr/bin/python3 (found version "3.10.12") found components: Interpreter 
-- Found rclcpp: 16.0.19 (/opt/ros/humble/share/rclcpp/cmake)
-- Found rosidl_generator_c: 3.1.8 (/opt/ros/humble/share/rosidl_generator_c/cmake)
-- Found rosidl_adapter: 3.1.8 (/opt/ros/humble/share/rosidl_adapter/cmake)
-- Found rosidl_generator_cpp: 3.1.8 (/opt/ros/humble/share/rosidl_generator_cpp/cmake)
-- Using all available rosidl_typesupport_c: rosidl_typesupport_fastrtps_c;rosidl_typesupport_introspection_c
-- Using all available rosidl_typesupport_cpp: rosidl_typesupport_fastrtps_cpp;rosidl_typesupport_introspection_cpp
-- Found rmw_implementation_cmake: 6.1.2 (/opt/ros/humble/share/rmw_implementation_cmake/cmake)
-- Found rmw_fastrtps_cpp: 6.2.10 (/opt/ros/humble/share/rmw_fastrtps_cpp/cmake)
-- Found OpenSSL: /usr/lib/aarch64-linux-gnu/libcrypto.so (found version "3.0.2")  
-- Found FastRTPS: /opt/ros/humble/include  
-- Using RMW implementation 'rmw_fastrtps_cpp' as default
-- Looking for pthread.h
-- Looking for pthread.h - found
-- Performing Test CMAKE_HAVE_LIBC_PTHREAD
-- Performing Test CMAKE_HAVE_LIBC_PTHREAD - Success
-- Found Threads: TRUE  
-- Configuring done
-- Generating done
[33mCMake Warning:
  Manually-specified variables were not used by the project:

    CATKIN_INSTALL_INTO_PREFIX_ROOT

[0m
-- Build files have been written to: /home/orangepi/catkin_ws/build/yolov5_vision
[ 14%] [32mBuilding CXX object CMakeFiles/vision_node.dir/vision_node.cpp.o[0m
[ 28%] [32mBuilding C object CMakeFiles/vision_node.dir/home/orangepi/catkin_ws/src/libawutils/image_utils.c.o[0m
[ 42%] [32mBuilding C object CMakeFiles/vision_node.dir/home/orangepi/catkin_ws/src/libawnn_viplite/awnn_quantize.c.o[0m
[ 57%] [32mBuilding C object CMakeFiles/vision_node.dir/home/orangepi/catkin_ws/src/libawnn_viplite/awnn_lib.c.o[0m
[ 71%] [32mBuilding CXX object CMakeFiles/vision_node.dir/yolov5_pre_process.cpp.o[0m
[ 85%] [32mBuilding CXX object CMakeFiles/vision_node.dir/yolov5_post_process.cpp.o[0m
[100%] [32m[1mLinking CXX executable vision_node[0m
[100%] Built target vision_node
-- Install configuration: ""
-- Installing: /home/orangepi/catkin_ws/install/yolov5_vision/lib/yolov5_vision/vision_node
-- Set runtime path of "/home/orangepi/catkin_ws/install/yolov5_vision/lib/yolov5_vision/vision_node" to ""
-- Installing: /home/orangepi/catkin_ws/install/yolov5_vision/share/ament_index/resource_index/package_run_dependencies/yolov5_vision
-- Installing: /home/orangepi/catkin_ws/install/yolov5_vision/share/ament_index/resource_index/parent_prefix_path/yolov5_vision
-- Installing: /home/orangepi/catkin_ws/install/yolov5_vision/share/yolov5_vision/environment/ament_prefix_path.sh
-- Installing: /home/orangepi/catkin_ws/install/yolov5_vision/share/yolov5_vision/environment/ament_prefix_path.dsv
-- Installing: /home/orangepi/catkin_ws/install/yolov5_vision/share/yolov5_vision/environment/path.sh
-- Installing: /home/orangepi/catkin_ws/install/yolov5_vision/share/yolov5_vision/environment/path.dsv
-- Installing: /home/orangepi/catkin_ws/install/yolov5_vision/share/yolov5_vision/local_setup.bash
-- Installing: /home/orangepi/catkin_ws/install/yolov5_vision/share/yolov5_vision/local_setup.sh
-- Installing: /home/orangepi/catkin_ws/install/yolov5_vision/share/yolov5_vision/local_setup.zsh
-- Installing: /home/orangepi/catkin_ws/install/yolov5_vision/share/yolov5_vision/local_setup.dsv
-- Installing: /home/orangepi/catkin_ws/install/yolov5_vision/share/yolov5_vision/package.dsv
-- Installing: /home/orangepi/catkin_ws/install/yolov5_vision/share/ament_index/resource_index/packages/yolov5_vision
-- Installing: /home/orangepi/catkin_ws/install/yolov5_vision/share/yolov5_vision/cmake/yolov5_visionConfig.cmake
-- Installing: /home/orangepi/catkin_ws/install/yolov5_vision/share/yolov5_vision/cmake/yolov5_visionConfig-version.cmake
-- Installing: /home/orangepi/catkin_ws/install/yolov5_vision/share/yolov5_vision/package.xml
-- Installing: /home/orangepi/catkin_ws/install/yolov5_vision/share/yolov5_vision/launch
-- Installing: /home/orangepi/catkin_ws/install/yolov5_vision/share/yolov5_vision/launch/ball_track.launch.py
