[0.063s] Invoking command in '/home/orangepi/catkin_ws/build/yolov5_vision': /usr/bin/cmake /home/orangepi/catkin_ws/src/yolov5_vision -DCATKIN_INSTALL_INTO_PREFIX_ROOT=0 -DCMAKE_INSTALL_PREFIX=/home/orangepi/catkin_ws/install/yolov5_vision
[0.365s] -- The C compiler identification is GNU 11.4.0
[0.592s] -- The CXX compiler identification is GNU 11.4.0
[0.637s] -- Detecting C compiler ABI info
[1.024s] -- Detecting C compiler ABI info - done
[1.055s] -- Check for working C compiler: /usr/bin/cc - skipped
[1.056s] -- Detecting C compile features
[1.058s] -- Detecting C compile features - done
[1.067s] -- Detecting CXX compiler ABI info
[1.368s] -- Detecting CXX compiler ABI info - done
[1.388s] -- Check for working CXX compiler: /usr/bin/c++ - skipped
[1.396s] -- Detecting CXX compile features
[1.396s] -- Detecting CXX compile features - done
[1.428s] -- Found OpenCV: /usr (found version "4.5.4") 
[1.717s] -- Found JPEG: /usr/lib/aarch64-linux-gnu/libjpeg.so (found version "80") 
[1.723s] -- Found ament_cmake: 1.3.14 (/opt/ros/humble/share/ament_cmake/cmake)
[2.352s] -- Found Python3: /usr/bin/python3 (found version "3.10.12") found components: Interpreter 
[2.614s] -- Found rclcpp: 16.0.19 (/opt/ros/humble/share/rclcpp/cmake)
[2.825s] -- Found rosidl_generator_c: 3.1.8 (/opt/ros/humble/share/rosidl_generator_c/cmake)
[2.848s] -- Found rosidl_adapter: 3.1.8 (/opt/ros/humble/share/rosidl_adapter/cmake)
[2.886s] -- Found rosidl_generator_cpp: 3.1.8 (/opt/ros/humble/share/rosidl_generator_cpp/cmake)
[2.950s] -- Using all available rosidl_typesupport_c: rosidl_typesupport_fastrtps_c;rosidl_typesupport_introspection_c
[3.032s] -- Using all available rosidl_typesupport_cpp: rosidl_typesupport_fastrtps_cpp;rosidl_typesupport_introspection_cpp
[3.349s] -- Found rmw_implementation_cmake: 6.1.2 (/opt/ros/humble/share/rmw_implementation_cmake/cmake)
[3.373s] -- Found rmw_fastrtps_cpp: 6.2.10 (/opt/ros/humble/share/rmw_fastrtps_cpp/cmake)
[3.876s] -- Found OpenSSL: /usr/lib/aarch64-linux-gnu/libcrypto.so (found version "3.0.2")  
[3.973s] -- Found FastRTPS: /opt/ros/humble/include  
[4.099s] -- Using RMW implementation 'rmw_fastrtps_cpp' as default
[4.119s] -- Looking for pthread.h
[4.497s] -- Looking for pthread.h - found
[4.498s] -- Performing Test CMAKE_HAVE_LIBC_PTHREAD
[4.904s] -- Performing Test CMAKE_HAVE_LIBC_PTHREAD - Success
[4.904s] -- Found Threads: TRUE  
[5.348s] -- Configuring done
[5.443s] -- Generating done
[5.452s] [33mCMake Warning:
[5.452s]   Manually-specified variables were not used by the project:
[5.452s] 
[5.452s]     CATKIN_INSTALL_INTO_PREFIX_ROOT
[5.453s] 
[5.453s] [0m
[5.472s] -- Build files have been written to: /home/orangepi/catkin_ws/build/yolov5_vision
[5.558s] Invoked command in '/home/orangepi/catkin_ws/build/yolov5_vision' returned '0': /usr/bin/cmake /home/orangepi/catkin_ws/src/yolov5_vision -DCATKIN_INSTALL_INTO_PREFIX_ROOT=0 -DCMAKE_INSTALL_PREFIX=/home/orangepi/catkin_ws/install/yolov5_vision
[5.559s] Invoking command in '/home/orangepi/catkin_ws/build/yolov5_vision': /usr/bin/cmake --build /home/orangepi/catkin_ws/build/yolov5_vision -- -j8 -l8
[5.863s] [ 14%] [32mBuilding CXX object CMakeFiles/vision_node.dir/vision_node.cpp.o[0m
[38.169s] [ 28%] [32mBuilding C object CMakeFiles/vision_node.dir/home/orangepi/catkin_ws/src/libawutils/image_utils.c.o[0m
[39.016s] [ 42%] [32mBuilding C object CMakeFiles/vision_node.dir/home/orangepi/catkin_ws/src/libawnn_viplite/awnn_quantize.c.o[0m
[39.324s] [ 57%] [32mBuilding C object CMakeFiles/vision_node.dir/home/orangepi/catkin_ws/src/libawnn_viplite/awnn_lib.c.o[0m
[39.677s] [ 71%] [32mBuilding CXX object CMakeFiles/vision_node.dir/yolov5_pre_process.cpp.o[0m
[46.525s] [ 85%] [32mBuilding CXX object CMakeFiles/vision_node.dir/yolov5_post_process.cpp.o[0m
[52.314s] [100%] [32m[1mLinking CXX executable vision_node[0m
[56.209s] [100%] Built target vision_node
[56.264s] Invoked command in '/home/orangepi/catkin_ws/build/yolov5_vision' returned '0': /usr/bin/cmake --build /home/orangepi/catkin_ws/build/yolov5_vision -- -j8 -l8
[56.265s] Invoking command in '/home/orangepi/catkin_ws/build/yolov5_vision': /usr/bin/cmake --install /home/orangepi/catkin_ws/build/yolov5_vision
[56.276s] -- Install configuration: ""
[56.277s] -- Installing: /home/orangepi/catkin_ws/install/yolov5_vision/lib/yolov5_vision/vision_node
[56.279s] -- Set runtime path of "/home/orangepi/catkin_ws/install/yolov5_vision/lib/yolov5_vision/vision_node" to ""
[56.282s] -- Installing: /home/orangepi/catkin_ws/install/yolov5_vision/share/ament_index/resource_index/package_run_dependencies/yolov5_vision
[56.288s] -- Installing: /home/orangepi/catkin_ws/install/yolov5_vision/share/ament_index/resource_index/parent_prefix_path/yolov5_vision
[56.296s] -- Installing: /home/orangepi/catkin_ws/install/yolov5_vision/share/yolov5_vision/environment/ament_prefix_path.sh
[56.296s] -- Installing: /home/orangepi/catkin_ws/install/yolov5_vision/share/yolov5_vision/environment/ament_prefix_path.dsv
[56.296s] -- Installing: /home/orangepi/catkin_ws/install/yolov5_vision/share/yolov5_vision/environment/path.sh
[56.296s] -- Installing: /home/orangepi/catkin_ws/install/yolov5_vision/share/yolov5_vision/environment/path.dsv
[56.297s] -- Installing: /home/orangepi/catkin_ws/install/yolov5_vision/share/yolov5_vision/local_setup.bash
[56.297s] -- Installing: /home/orangepi/catkin_ws/install/yolov5_vision/share/yolov5_vision/local_setup.sh
[56.297s] -- Installing: /home/orangepi/catkin_ws/install/yolov5_vision/share/yolov5_vision/local_setup.zsh
[56.297s] -- Installing: /home/orangepi/catkin_ws/install/yolov5_vision/share/yolov5_vision/local_setup.dsv
[56.297s] -- Installing: /home/orangepi/catkin_ws/install/yolov5_vision/share/yolov5_vision/package.dsv
[56.297s] -- Installing: /home/orangepi/catkin_ws/install/yolov5_vision/share/ament_index/resource_index/packages/yolov5_vision
[56.297s] -- Installing: /home/orangepi/catkin_ws/install/yolov5_vision/share/yolov5_vision/cmake/yolov5_visionConfig.cmake
[56.297s] -- Installing: /home/orangepi/catkin_ws/install/yolov5_vision/share/yolov5_vision/cmake/yolov5_visionConfig-version.cmake
[56.297s] -- Installing: /home/orangepi/catkin_ws/install/yolov5_vision/share/yolov5_vision/package.xml
[56.297s] -- Installing: /home/orangepi/catkin_ws/install/yolov5_vision/share/yolov5_vision/launch
[56.297s] -- Installing: /home/orangepi/catkin_ws/install/yolov5_vision/share/yolov5_vision/launch/ball_track.launch.py
[56.316s] Invoked command in '/home/orangepi/catkin_ws/build/yolov5_vision' returned '0': /usr/bin/cmake --install /home/orangepi/catkin_ws/build/yolov5_vision
