[0.125s] Invoking command in '/home/orangepi/catkin_ws/build/yolov5_vision': /usr/bin/cmake --build /home/orangepi/catkin_ws/build/yolov5_vision -- -j8 -l8
[0.699s] [35m[1mConsolidate compiler generated dependencies of target vision_node[0m
[0.873s] [ 14%] [32mBuilding CXX object CMakeFiles/vision_node.dir/vision_node.cpp.o[0m
[33.285s] [ 28%] [32m[1mLinking CXX executable vision_node[0m
[37.205s] [100%] Built target vision_node
[37.299s] Invoked command in '/home/orangepi/catkin_ws/build/yolov5_vision' returned '0': /usr/bin/cmake --build /home/orangepi/catkin_ws/build/yolov5_vision -- -j8 -l8
[37.354s] Invoking command in '/home/orangepi/catkin_ws/build/yolov5_vision': /usr/bin/cmake --install /home/orangepi/catkin_ws/build/yolov5_vision
[37.399s] -- Install configuration: ""
[37.403s] -- Installing: /home/orangepi/catkin_ws/install/yolov5_vision/lib/yolov5_vision/vision_node
[37.418s] -- Set runtime path of "/home/orangepi/catkin_ws/install/yolov5_vision/lib/yolov5_vision/vision_node" to ""
[37.426s] -- Up-to-date: /home/orangepi/catkin_ws/install/yolov5_vision/share/ament_index/resource_index/package_run_dependencies/yolov5_vision
[37.429s] -- Up-to-date: /home/orangepi/catkin_ws/install/yolov5_vision/share/ament_index/resource_index/parent_prefix_path/yolov5_vision
[37.432s] -- Up-to-date: /home/orangepi/catkin_ws/install/yolov5_vision/share/yolov5_vision/environment/ament_prefix_path.sh
[37.433s] -- Up-to-date: /home/orangepi/catkin_ws/install/yolov5_vision/share/yolov5_vision/environment/ament_prefix_path.dsv
[37.439s] -- Up-to-date: /home/orangepi/catkin_ws/install/yolov5_vision/share/yolov5_vision/environment/path.sh
[37.439s] -- Up-to-date: /home/orangepi/catkin_ws/install/yolov5_vision/share/yolov5_vision/environment/path.dsv
[37.439s] -- Up-to-date: /home/orangepi/catkin_ws/install/yolov5_vision/share/yolov5_vision/local_setup.bash
[37.439s] -- Up-to-date: /home/orangepi/catkin_ws/install/yolov5_vision/share/yolov5_vision/local_setup.sh
[37.439s] -- Up-to-date: /home/orangepi/catkin_ws/install/yolov5_vision/share/yolov5_vision/local_setup.zsh
[37.439s] -- Up-to-date: /home/orangepi/catkin_ws/install/yolov5_vision/share/yolov5_vision/local_setup.dsv
[37.439s] -- Installing: /home/orangepi/catkin_ws/install/yolov5_vision/share/yolov5_vision/package.dsv
[37.440s] -- Up-to-date: /home/orangepi/catkin_ws/install/yolov5_vision/share/ament_index/resource_index/packages/yolov5_vision
[37.441s] -- Up-to-date: /home/orangepi/catkin_ws/install/yolov5_vision/share/yolov5_vision/cmake/yolov5_visionConfig.cmake
[37.441s] -- Up-to-date: /home/orangepi/catkin_ws/install/yolov5_vision/share/yolov5_vision/cmake/yolov5_visionConfig-version.cmake
[37.441s] -- Up-to-date: /home/orangepi/catkin_ws/install/yolov5_vision/share/yolov5_vision/package.xml
[37.441s] -- Up-to-date: /home/orangepi/catkin_ws/install/yolov5_vision/share/yolov5_vision/launch
[37.442s] -- Up-to-date: /home/orangepi/catkin_ws/install/yolov5_vision/share/yolov5_vision/launch/ball_track.launch.py
[37.450s] Invoked command in '/home/orangepi/catkin_ws/build/yolov5_vision' returned '0': /usr/bin/cmake --install /home/orangepi/catkin_ws/build/yolov5_vision
