[0.259s] DEBUG:colcon:Command line arguments: ['/usr/bin/colcon', 'build', '--packages-select', 'motor_control']
[0.259s] DEBUG:colcon:Parsed command line arguments: Namespace(log_base=None, log_level=None, verb_name='build', build_base='build', install_base='install', merge_install=False, symlink_install=False, test_result_base=None, continue_on_error=False, executor='parallel', parallel_workers=8, event_handlers=None, ignore_user_meta=False, metas=['./colcon.meta'], base_paths=['.'], packages_ignore=None, packages_ignore_regex=None, paths=None, packages_up_to=None, packages_up_to_regex=None, packages_above=None, packages_above_and_dependencies=None, packages_above_depth=None, packages_select_by_dep=None, packages_skip_by_dep=None, packages_skip_up_to=None, packages_select_build_failed=False, packages_skip_build_finished=False, packages_select_test_failures=False, packages_skip_test_passed=False, packages_select=['motor_control'], packages_skip=None, packages_select_regex=None, packages_skip_regex=None, packages_start=None, packages_end=None, cmake_args=None, cmake_target=None, cmake_target_skip_unavailable=False, cmake_clean_cache=False, cmake_clean_first=False, cmake_force_configure=False, ament_cmake_args=None, catkin_cmake_args=None, catkin_skip_building_tests=False, mixin_files=None, mixin=None, verb_parser=<colcon_mixin.mixin.mixin_argument.MixinArgumentDecorator object at 0x7f81305120>, verb_extension=<colcon_core.verb.build.BuildVerb object at 0x7f81304c10>, main=<bound method BuildVerb.main of <colcon_core.verb.build.BuildVerb object at 0x7f81304c10>>, mixin_verb=('build',))
[0.741s] Level 1:colcon.colcon_core.package_discovery:discover_packages(colcon_meta) check parameters
[0.741s] Level 1:colcon.colcon_core.package_discovery:discover_packages(recursive) check parameters
[0.742s] Level 1:colcon.colcon_core.package_discovery:discover_packages(ignore) check parameters
[0.742s] Level 1:colcon.colcon_core.package_discovery:discover_packages(path) check parameters
[0.742s] Level 1:colcon.colcon_core.package_discovery:discover_packages(colcon_meta) discover
[0.742s] Level 1:colcon.colcon_core.package_discovery:discover_packages(recursive) discover
[0.743s] INFO:colcon.colcon_core.package_discovery:Crawling recursively for packages in '/home/orangepi/catkin_ws'
[0.743s] Level 1:colcon.colcon_core.package_identification:_identify(.) by extensions ['ignore', 'ignore_ament_install']
[0.744s] Level 1:colcon.colcon_core.package_identification:_identify(.) by extension 'ignore'
[0.744s] Level 1:colcon.colcon_core.package_identification:_identify(.) by extension 'ignore_ament_install'
[0.745s] Level 1:colcon.colcon_core.package_identification:_identify(.) by extensions ['colcon_pkg']
[0.745s] Level 1:colcon.colcon_core.package_identification:_identify(.) by extension 'colcon_pkg'
[0.745s] Level 1:colcon.colcon_core.package_identification:_identify(.) by extensions ['colcon_meta']
[0.745s] Level 1:colcon.colcon_core.package_identification:_identify(.) by extension 'colcon_meta'
[0.746s] Level 1:colcon.colcon_core.package_identification:_identify(.) by extensions ['ros']
[0.746s] Level 1:colcon.colcon_core.package_identification:_identify(.) by extension 'ros'
[0.826s] Level 1:colcon.colcon_core.package_identification:_identify(.) by extensions ['cmake', 'python']
[0.827s] Level 1:colcon.colcon_core.package_identification:_identify(.) by extension 'cmake'
[0.827s] Level 1:colcon.colcon_core.package_identification:_identify(.) by extension 'python'
[0.827s] Level 1:colcon.colcon_core.package_identification:_identify(.) by extensions ['python_setup_py']
[0.828s] Level 1:colcon.colcon_core.package_identification:_identify(.) by extension 'python_setup_py'
[0.828s] Level 1:colcon.colcon_core.package_identification:_identify(build) by extensions ['ignore', 'ignore_ament_install']
[0.829s] Level 1:colcon.colcon_core.package_identification:_identify(build) by extension 'ignore'
[0.829s] Level 1:colcon.colcon_core.package_identification:_identify(build) ignored
[0.830s] Level 1:colcon.colcon_core.package_identification:_identify(devel) by extensions ['ignore', 'ignore_ament_install']
[0.830s] Level 1:colcon.colcon_core.package_identification:_identify(devel) by extension 'ignore'
[0.831s] Level 1:colcon.colcon_core.package_identification:_identify(devel) by extension 'ignore_ament_install'
[0.831s] Level 1:colcon.colcon_core.package_identification:_identify(devel) by extensions ['colcon_pkg']
[0.831s] Level 1:colcon.colcon_core.package_identification:_identify(devel) by extension 'colcon_pkg'
[0.831s] Level 1:colcon.colcon_core.package_identification:_identify(devel) by extensions ['colcon_meta']
[0.832s] Level 1:colcon.colcon_core.package_identification:_identify(devel) by extension 'colcon_meta'
[0.832s] Level 1:colcon.colcon_core.package_identification:_identify(devel) by extensions ['ros']
[0.832s] Level 1:colcon.colcon_core.package_identification:_identify(devel) by extension 'ros'
[0.833s] Level 1:colcon.colcon_core.package_identification:_identify(devel) by extensions ['cmake', 'python']
[0.833s] Level 1:colcon.colcon_core.package_identification:_identify(devel) by extension 'cmake'
[0.833s] Level 1:colcon.colcon_core.package_identification:_identify(devel) by extension 'python'
[0.833s] Level 1:colcon.colcon_core.package_identification:_identify(devel) by extensions ['python_setup_py']
[0.833s] Level 1:colcon.colcon_core.package_identification:_identify(devel) by extension 'python_setup_py'
[0.834s] Level 1:colcon.colcon_core.package_identification:_identify(install) by extensions ['ignore', 'ignore_ament_install']
[0.835s] Level 1:colcon.colcon_core.package_identification:_identify(install) by extension 'ignore'
[0.835s] Level 1:colcon.colcon_core.package_identification:_identify(install) ignored
[0.836s] Level 1:colcon.colcon_core.package_identification:_identify(log) by extensions ['ignore', 'ignore_ament_install']
[0.836s] Level 1:colcon.colcon_core.package_identification:_identify(log) by extension 'ignore'
[0.836s] Level 1:colcon.colcon_core.package_identification:_identify(log) ignored
[0.837s] Level 1:colcon.colcon_core.package_identification:_identify(logs) by extensions ['ignore', 'ignore_ament_install']
[0.837s] Level 1:colcon.colcon_core.package_identification:_identify(logs) by extension 'ignore'
[0.838s] Level 1:colcon.colcon_core.package_identification:_identify(logs) by extension 'ignore_ament_install'
[0.838s] Level 1:colcon.colcon_core.package_identification:_identify(logs) by extensions ['colcon_pkg']
[0.838s] Level 1:colcon.colcon_core.package_identification:_identify(logs) by extension 'colcon_pkg'
[0.839s] Level 1:colcon.colcon_core.package_identification:_identify(logs) by extensions ['colcon_meta']
[0.839s] Level 1:colcon.colcon_core.package_identification:_identify(logs) by extension 'colcon_meta'
[0.839s] Level 1:colcon.colcon_core.package_identification:_identify(logs) by extensions ['ros']
[0.839s] Level 1:colcon.colcon_core.package_identification:_identify(logs) by extension 'ros'
[0.840s] Level 1:colcon.colcon_core.package_identification:_identify(logs) by extensions ['cmake', 'python']
[0.840s] Level 1:colcon.colcon_core.package_identification:_identify(logs) by extension 'cmake'
[0.840s] Level 1:colcon.colcon_core.package_identification:_identify(logs) by extension 'python'
[0.840s] Level 1:colcon.colcon_core.package_identification:_identify(logs) by extensions ['python_setup_py']
[0.841s] Level 1:colcon.colcon_core.package_identification:_identify(logs) by extension 'python_setup_py'
[0.841s] Level 1:colcon.colcon_core.package_identification:_identify(logs/catkin_tools_prebuild) by extensions ['ignore', 'ignore_ament_install']
[0.842s] Level 1:colcon.colcon_core.package_identification:_identify(logs/catkin_tools_prebuild) by extension 'ignore'
[0.842s] Level 1:colcon.colcon_core.package_identification:_identify(logs/catkin_tools_prebuild) by extension 'ignore_ament_install'
[0.843s] Level 1:colcon.colcon_core.package_identification:_identify(logs/catkin_tools_prebuild) by extensions ['colcon_pkg']
[0.843s] Level 1:colcon.colcon_core.package_identification:_identify(logs/catkin_tools_prebuild) by extension 'colcon_pkg'
[0.844s] Level 1:colcon.colcon_core.package_identification:_identify(logs/catkin_tools_prebuild) by extensions ['colcon_meta']
[0.844s] Level 1:colcon.colcon_core.package_identification:_identify(logs/catkin_tools_prebuild) by extension 'colcon_meta'
[0.844s] Level 1:colcon.colcon_core.package_identification:_identify(logs/catkin_tools_prebuild) by extensions ['ros']
[0.845s] Level 1:colcon.colcon_core.package_identification:_identify(logs/catkin_tools_prebuild) by extension 'ros'
[0.845s] Level 1:colcon.colcon_core.package_identification:_identify(logs/catkin_tools_prebuild) by extensions ['cmake', 'python']
[0.845s] Level 1:colcon.colcon_core.package_identification:_identify(logs/catkin_tools_prebuild) by extension 'cmake'
[0.846s] Level 1:colcon.colcon_core.package_identification:_identify(logs/catkin_tools_prebuild) by extension 'python'
[0.846s] Level 1:colcon.colcon_core.package_identification:_identify(logs/catkin_tools_prebuild) by extensions ['python_setup_py']
[0.846s] Level 1:colcon.colcon_core.package_identification:_identify(logs/catkin_tools_prebuild) by extension 'python_setup_py'
[0.847s] Level 1:colcon.colcon_core.package_identification:_identify(src) by extensions ['ignore', 'ignore_ament_install']
[0.847s] Level 1:colcon.colcon_core.package_identification:_identify(src) by extension 'ignore'
[0.848s] Level 1:colcon.colcon_core.package_identification:_identify(src) by extension 'ignore_ament_install'
[0.848s] Level 1:colcon.colcon_core.package_identification:_identify(src) by extensions ['colcon_pkg']
[0.848s] Level 1:colcon.colcon_core.package_identification:_identify(src) by extension 'colcon_pkg'
[0.848s] Level 1:colcon.colcon_core.package_identification:_identify(src) by extensions ['colcon_meta']
[0.849s] Level 1:colcon.colcon_core.package_identification:_identify(src) by extension 'colcon_meta'
[0.849s] Level 1:colcon.colcon_core.package_identification:_identify(src) by extensions ['ros']
[0.849s] Level 1:colcon.colcon_core.package_identification:_identify(src) by extension 'ros'
[0.850s] Level 1:colcon.colcon_core.package_identification:_identify(src) by extensions ['cmake', 'python']
[0.850s] Level 1:colcon.colcon_core.package_identification:_identify(src) by extension 'cmake'
[0.850s] Level 1:colcon.colcon_core.package_identification:_identify(src) by extension 'python'
[0.850s] Level 1:colcon.colcon_core.package_identification:_identify(src) by extensions ['python_setup_py']
[0.851s] Level 1:colcon.colcon_core.package_identification:_identify(src) by extension 'python_setup_py'
[0.851s] Level 1:colcon.colcon_core.package_identification:_identify(src/launch) by extensions ['ignore', 'ignore_ament_install']
[0.852s] Level 1:colcon.colcon_core.package_identification:_identify(src/launch) by extension 'ignore'
[0.852s] Level 1:colcon.colcon_core.package_identification:_identify(src/launch) by extension 'ignore_ament_install'
[0.852s] Level 1:colcon.colcon_core.package_identification:_identify(src/launch) by extensions ['colcon_pkg']
[0.853s] Level 1:colcon.colcon_core.package_identification:_identify(src/launch) by extension 'colcon_pkg'
[0.853s] Level 1:colcon.colcon_core.package_identification:_identify(src/launch) by extensions ['colcon_meta']
[0.853s] Level 1:colcon.colcon_core.package_identification:_identify(src/launch) by extension 'colcon_meta'
[0.854s] Level 1:colcon.colcon_core.package_identification:_identify(src/launch) by extensions ['ros']
[0.854s] Level 1:colcon.colcon_core.package_identification:_identify(src/launch) by extension 'ros'
[0.854s] Level 1:colcon.colcon_core.package_identification:_identify(src/launch) by extensions ['cmake', 'python']
[0.855s] Level 1:colcon.colcon_core.package_identification:_identify(src/launch) by extension 'cmake'
[0.855s] Level 1:colcon.colcon_core.package_identification:_identify(src/launch) by extension 'python'
[0.855s] Level 1:colcon.colcon_core.package_identification:_identify(src/launch) by extensions ['python_setup_py']
[0.856s] Level 1:colcon.colcon_core.package_identification:_identify(src/launch) by extension 'python_setup_py'
[0.857s] Level 1:colcon.colcon_core.package_identification:_identify(src/libawnn_viplite) by extensions ['ignore', 'ignore_ament_install']
[0.857s] Level 1:colcon.colcon_core.package_identification:_identify(src/libawnn_viplite) by extension 'ignore'
[0.858s] Level 1:colcon.colcon_core.package_identification:_identify(src/libawnn_viplite) by extension 'ignore_ament_install'
[0.859s] Level 1:colcon.colcon_core.package_identification:_identify(src/libawnn_viplite) by extensions ['colcon_pkg']
[0.859s] Level 1:colcon.colcon_core.package_identification:_identify(src/libawnn_viplite) by extension 'colcon_pkg'
[0.859s] Level 1:colcon.colcon_core.package_identification:_identify(src/libawnn_viplite) by extensions ['colcon_meta']
[0.860s] Level 1:colcon.colcon_core.package_identification:_identify(src/libawnn_viplite) by extension 'colcon_meta'
[0.860s] Level 1:colcon.colcon_core.package_identification:_identify(src/libawnn_viplite) by extensions ['ros']
[0.861s] Level 1:colcon.colcon_core.package_identification:_identify(src/libawnn_viplite) by extension 'ros'
[0.861s] Level 1:colcon.colcon_core.package_identification:_identify(src/libawnn_viplite) by extensions ['cmake', 'python']
[0.862s] Level 1:colcon.colcon_core.package_identification:_identify(src/libawnn_viplite) by extension 'cmake'
[0.863s] Level 1:colcon.colcon_core.package_identification:_identify(src/libawnn_viplite) by extension 'python'
[0.863s] Level 1:colcon.colcon_core.package_identification:_identify(src/libawnn_viplite) by extensions ['python_setup_py']
[0.863s] Level 1:colcon.colcon_core.package_identification:_identify(src/libawnn_viplite) by extension 'python_setup_py'
[0.864s] Level 1:colcon.colcon_core.package_identification:_identify(src/libawutils) by extensions ['ignore', 'ignore_ament_install']
[0.865s] Level 1:colcon.colcon_core.package_identification:_identify(src/libawutils) by extension 'ignore'
[0.866s] Level 1:colcon.colcon_core.package_identification:_identify(src/libawutils) by extension 'ignore_ament_install'
[0.866s] Level 1:colcon.colcon_core.package_identification:_identify(src/libawutils) by extensions ['colcon_pkg']
[0.867s] Level 1:colcon.colcon_core.package_identification:_identify(src/libawutils) by extension 'colcon_pkg'
[0.867s] Level 1:colcon.colcon_core.package_identification:_identify(src/libawutils) by extensions ['colcon_meta']
[0.868s] Level 1:colcon.colcon_core.package_identification:_identify(src/libawutils) by extension 'colcon_meta'
[0.868s] Level 1:colcon.colcon_core.package_identification:_identify(src/libawutils) by extensions ['ros']
[0.869s] Level 1:colcon.colcon_core.package_identification:_identify(src/libawutils) by extension 'ros'
[0.869s] Level 1:colcon.colcon_core.package_identification:_identify(src/libawutils) by extensions ['cmake', 'python']
[0.870s] Level 1:colcon.colcon_core.package_identification:_identify(src/libawutils) by extension 'cmake'
[0.870s] Level 1:colcon.colcon_core.package_identification:_identify(src/libawutils) by extension 'python'
[0.870s] Level 1:colcon.colcon_core.package_identification:_identify(src/libawutils) by extensions ['python_setup_py']
[0.870s] Level 1:colcon.colcon_core.package_identification:_identify(src/libawutils) by extension 'python_setup_py'
[0.871s] Level 1:colcon.colcon_core.package_identification:_identify(src/motor_control) by extensions ['ignore', 'ignore_ament_install']
[0.872s] Level 1:colcon.colcon_core.package_identification:_identify(src/motor_control) by extension 'ignore'
[0.872s] Level 1:colcon.colcon_core.package_identification:_identify(src/motor_control) by extension 'ignore_ament_install'
[0.873s] Level 1:colcon.colcon_core.package_identification:_identify(src/motor_control) by extensions ['colcon_pkg']
[0.873s] Level 1:colcon.colcon_core.package_identification:_identify(src/motor_control) by extension 'colcon_pkg'
[0.874s] Level 1:colcon.colcon_core.package_identification:_identify(src/motor_control) by extensions ['colcon_meta']
[0.874s] Level 1:colcon.colcon_core.package_identification:_identify(src/motor_control) by extension 'colcon_meta'
[0.875s] Level 1:colcon.colcon_core.package_identification:_identify(src/motor_control) by extensions ['ros']
[0.875s] Level 1:colcon.colcon_core.package_identification:_identify(src/motor_control) by extension 'ros'
[0.891s] DEBUG:colcon.colcon_core.package_identification:Package 'src/motor_control' with type 'ros.catkin' and name 'motor_control'
[0.891s] Level 1:colcon.colcon_core.package_identification:_identify(src/yolov5_vision) by extensions ['ignore', 'ignore_ament_install']
[0.892s] Level 1:colcon.colcon_core.package_identification:_identify(src/yolov5_vision) by extension 'ignore'
[0.893s] Level 1:colcon.colcon_core.package_identification:_identify(src/yolov5_vision) by extension 'ignore_ament_install'
[0.893s] Level 1:colcon.colcon_core.package_identification:_identify(src/yolov5_vision) by extensions ['colcon_pkg']
[0.894s] Level 1:colcon.colcon_core.package_identification:_identify(src/yolov5_vision) by extension 'colcon_pkg'
[0.894s] Level 1:colcon.colcon_core.package_identification:_identify(src/yolov5_vision) by extensions ['colcon_meta']
[0.894s] Level 1:colcon.colcon_core.package_identification:_identify(src/yolov5_vision) by extension 'colcon_meta'
[0.895s] Level 1:colcon.colcon_core.package_identification:_identify(src/yolov5_vision) by extensions ['ros']
[0.895s] Level 1:colcon.colcon_core.package_identification:_identify(src/yolov5_vision) by extension 'ros'
[0.900s] DEBUG:colcon.colcon_core.package_identification:Package 'src/yolov5_vision' with type 'ros.catkin' and name 'yolov5_vision'
[0.900s] Level 1:colcon.colcon_core.package_discovery:discover_packages(recursive) using defaults
[0.901s] Level 1:colcon.colcon_core.package_discovery:discover_packages(ignore) discover
[0.901s] Level 1:colcon.colcon_core.package_discovery:discover_packages(ignore) using defaults
[0.901s] Level 1:colcon.colcon_core.package_discovery:discover_packages(path) discover
[0.901s] Level 1:colcon.colcon_core.package_discovery:discover_packages(path) using defaults
[1.039s] INFO:colcon.colcon_core.package_selection:Skipping not selected package 'yolov5_vision' in 'src/yolov5_vision'
[1.042s] Level 5:colcon.colcon_core.verb:set package 'motor_control' build argument 'cmake_args' from command line to 'None'
[1.042s] Level 5:colcon.colcon_core.verb:set package 'motor_control' build argument 'cmake_target' from command line to 'None'
[1.043s] Level 5:colcon.colcon_core.verb:set package 'motor_control' build argument 'cmake_target_skip_unavailable' from command line to 'False'
[1.043s] Level 5:colcon.colcon_core.verb:set package 'motor_control' build argument 'cmake_clean_cache' from command line to 'False'
[1.043s] Level 5:colcon.colcon_core.verb:set package 'motor_control' build argument 'cmake_clean_first' from command line to 'False'
[1.043s] Level 5:colcon.colcon_core.verb:set package 'motor_control' build argument 'cmake_force_configure' from command line to 'False'
[1.043s] Level 5:colcon.colcon_core.verb:set package 'motor_control' build argument 'ament_cmake_args' from command line to 'None'
[1.043s] Level 5:colcon.colcon_core.verb:set package 'motor_control' build argument 'catkin_cmake_args' from command line to 'None'
[1.044s] Level 5:colcon.colcon_core.verb:set package 'motor_control' build argument 'catkin_skip_building_tests' from command line to 'False'
[1.044s] DEBUG:colcon.colcon_core.verb:Building package 'motor_control' with the following arguments: {'ament_cmake_args': None, 'build_base': '/home/orangepi/catkin_ws/build/motor_control', 'catkin_cmake_args': None, 'catkin_skip_building_tests': False, 'cmake_args': None, 'cmake_clean_cache': False, 'cmake_clean_first': False, 'cmake_force_configure': False, 'cmake_target': None, 'cmake_target_skip_unavailable': False, 'install_base': '/home/orangepi/catkin_ws/install/motor_control', 'merge_install': False, 'path': '/home/orangepi/catkin_ws/src/motor_control', 'symlink_install': False, 'test_result_base': None}
[1.045s] INFO:colcon.colcon_core.executor:Executing jobs using 'parallel' executor
[1.051s] DEBUG:colcon.colcon_parallel_executor.executor.parallel:run_until_complete
[1.052s] INFO:colcon.colcon_ros.task.catkin.build:Building ROS package in '/home/orangepi/catkin_ws/src/motor_control' with build type 'catkin'
[1.053s] INFO:colcon.colcon_cmake.task.cmake.build:Building CMake package in '/home/orangepi/catkin_ws/src/motor_control'
[1.067s] INFO:colcon.colcon_core.plugin_system:Skipping extension 'colcon_core.shell.bat': Not used on non-Windows systems
[1.070s] INFO:colcon.colcon_core.shell:Skip shell extension 'powershell' for command environment: Not usable outside of PowerShell
[1.071s] DEBUG:colcon.colcon_core.shell:Skip shell extension 'dsv' for command environment
[1.250s] DEBUG:colcon.colcon_core.event_handler.log_command:Invoking command in '/home/orangepi/catkin_ws/build/motor_control': /usr/bin/cmake --build /home/orangepi/catkin_ws/build/motor_control -- -j8 -l8
[41.769s] DEBUG:colcon.colcon_core.event_handler.log_command:Invoked command in '/home/orangepi/catkin_ws/build/motor_control' returned '0': /usr/bin/cmake --build /home/orangepi/catkin_ws/build/motor_control -- -j8 -l8
[41.865s] DEBUG:colcon.colcon_core.event_handler.log_command:Invoking command in '/home/orangepi/catkin_ws/build/motor_control': /usr/bin/cmake --install /home/orangepi/catkin_ws/build/motor_control
[42.001s] Level 1:colcon.colcon_core.shell:create_environment_hook('motor_control', 'ros_package_path')
[42.002s] INFO:colcon.colcon_core.shell:Creating environment hook '/home/orangepi/catkin_ws/install/motor_control/share/motor_control/hook/ros_package_path.ps1'
[42.003s] DEBUG:colcon.colcon_core.event_handler.log_command:Invoked command in '/home/orangepi/catkin_ws/build/motor_control' returned '0': /usr/bin/cmake --install /home/orangepi/catkin_ws/build/motor_control
[42.012s] INFO:colcon.colcon_core.shell:Creating environment descriptor '/home/orangepi/catkin_ws/install/motor_control/share/motor_control/hook/ros_package_path.dsv'
[42.018s] INFO:colcon.colcon_core.shell:Creating environment hook '/home/orangepi/catkin_ws/install/motor_control/share/motor_control/hook/ros_package_path.sh'
[42.021s] Level 1:colcon.colcon_core.shell:create_environment_hook('motor_control', 'pkg_config_path')
[42.028s] INFO:colcon.colcon_core.shell:Creating environment hook '/home/orangepi/catkin_ws/install/motor_control/share/motor_control/hook/pkg_config_path.ps1'
[42.029s] INFO:colcon.colcon_core.shell:Creating environment descriptor '/home/orangepi/catkin_ws/install/motor_control/share/motor_control/hook/pkg_config_path.dsv'
[42.030s] INFO:colcon.colcon_core.shell:Creating environment hook '/home/orangepi/catkin_ws/install/motor_control/share/motor_control/hook/pkg_config_path.sh'
[42.056s] Level 1:colcon.colcon_core.shell:create_environment_hook('motor_control', 'pkg_config_path_multiarch')
[42.057s] INFO:colcon.colcon_core.shell:Creating environment hook '/home/orangepi/catkin_ws/install/motor_control/share/motor_control/hook/pkg_config_path_multiarch.ps1'
[42.058s] INFO:colcon.colcon_core.shell:Creating environment descriptor '/home/orangepi/catkin_ws/install/motor_control/share/motor_control/hook/pkg_config_path_multiarch.dsv'
[42.064s] INFO:colcon.colcon_core.shell:Creating environment hook '/home/orangepi/catkin_ws/install/motor_control/share/motor_control/hook/pkg_config_path_multiarch.sh'
[42.067s] Level 1:colcon.colcon_core.environment:create_environment_scripts_only(motor_control)
[42.095s] Level 1:colcon.colcon_core.environment:checking '/home/orangepi/catkin_ws/install/motor_control' for CMake module files
[42.098s] Level 1:colcon.colcon_core.environment:checking '/home/orangepi/catkin_ws/install/motor_control' for CMake config files
[42.101s] Level 1:colcon.colcon_core.shell:create_environment_hook('motor_control', 'cmake_prefix_path')
[42.102s] INFO:colcon.colcon_core.shell:Creating environment hook '/home/orangepi/catkin_ws/install/motor_control/share/motor_control/hook/cmake_prefix_path.ps1'
[42.103s] INFO:colcon.colcon_core.shell:Creating environment descriptor '/home/orangepi/catkin_ws/install/motor_control/share/motor_control/hook/cmake_prefix_path.dsv'
[42.104s] INFO:colcon.colcon_core.shell:Creating environment hook '/home/orangepi/catkin_ws/install/motor_control/share/motor_control/hook/cmake_prefix_path.sh'
[42.108s] Level 1:colcon.colcon_core.environment:checking '/home/orangepi/catkin_ws/install/motor_control/lib'
[42.109s] Level 1:colcon.colcon_core.environment:checking '/home/orangepi/catkin_ws/install/motor_control/bin'
[42.109s] Level 1:colcon.colcon_core.environment:checking '/home/orangepi/catkin_ws/install/motor_control/lib/pkgconfig/motor_control.pc'
[42.119s] Level 1:colcon.colcon_core.environment:checking '/home/orangepi/catkin_ws/install/motor_control/lib/python3.10/site-packages'
[42.120s] Level 1:colcon.colcon_core.environment:checking '/home/orangepi/catkin_ws/install/motor_control/bin'
[42.121s] INFO:colcon.colcon_core.shell:Creating package script '/home/orangepi/catkin_ws/install/motor_control/share/motor_control/package.ps1'
[42.131s] INFO:colcon.colcon_core.shell:Creating package descriptor '/home/orangepi/catkin_ws/install/motor_control/share/motor_control/package.dsv'
[42.138s] INFO:colcon.colcon_core.shell:Creating package script '/home/orangepi/catkin_ws/install/motor_control/share/motor_control/package.sh'
[42.142s] INFO:colcon.colcon_core.shell:Creating package script '/home/orangepi/catkin_ws/install/motor_control/share/motor_control/package.bash'
[42.147s] INFO:colcon.colcon_core.shell:Creating package script '/home/orangepi/catkin_ws/install/motor_control/share/motor_control/package.zsh'
[42.154s] Level 1:colcon.colcon_core.environment:create_file_with_runtime_dependencies(/home/orangepi/catkin_ws/install/motor_control/share/colcon-core/packages/motor_control)
[42.158s] DEBUG:colcon.colcon_parallel_executor.executor.parallel:closing loop
[42.159s] DEBUG:colcon.colcon_parallel_executor.executor.parallel:loop closed
[42.159s] DEBUG:colcon.colcon_parallel_executor.executor.parallel:run_until_complete finished with '0'
[42.159s] DEBUG:colcon.colcon_core.event_reactor:joining thread
[42.161s] DEBUG:colcon.colcon_core.event_reactor:joined thread
[42.161s] INFO:colcon.colcon_core.shell:Creating prefix script '/home/orangepi/catkin_ws/install/local_setup.ps1'
[42.169s] INFO:colcon.colcon_core.shell:Creating prefix util module '/home/orangepi/catkin_ws/install/_local_setup_util_ps1.py'
[42.175s] INFO:colcon.colcon_core.shell:Creating prefix chain script '/home/orangepi/catkin_ws/install/setup.ps1'
[42.186s] INFO:colcon.colcon_core.shell:Creating prefix script '/home/orangepi/catkin_ws/install/local_setup.sh'
[42.191s] INFO:colcon.colcon_core.shell:Creating prefix util module '/home/orangepi/catkin_ws/install/_local_setup_util_sh.py'
[42.196s] INFO:colcon.colcon_core.shell:Creating prefix chain script '/home/orangepi/catkin_ws/install/setup.sh'
[42.200s] INFO:colcon.colcon_core.shell:Creating prefix script '/home/orangepi/catkin_ws/install/local_setup.bash'
[42.206s] INFO:colcon.colcon_core.shell:Creating prefix chain script '/home/orangepi/catkin_ws/install/setup.bash'
[42.213s] INFO:colcon.colcon_core.shell:Creating prefix script '/home/orangepi/catkin_ws/install/local_setup.zsh'
[42.216s] INFO:colcon.colcon_core.shell:Creating prefix chain script '/home/orangepi/catkin_ws/install/setup.zsh'
