[1.614s] DEBUG:colcon:Command line arguments: ['/usr/bin/colcon', 'build', '--packages-select', 'motor_control']
[1.614s] DEBUG:colcon:Parsed command line arguments: Namespace(log_base=None, log_level=None, verb_name='build', build_base='build', install_base='install', merge_install=False, symlink_install=False, test_result_base=None, continue_on_error=False, executor='parallel', parallel_workers=8, event_handlers=None, ignore_user_meta=False, metas=['./colcon.meta'], base_paths=['.'], packages_ignore=None, packages_ignore_regex=None, paths=None, packages_up_to=None, packages_up_to_regex=None, packages_above=None, packages_above_and_dependencies=None, packages_above_depth=None, packages_select_by_dep=None, packages_skip_by_dep=None, packages_skip_up_to=None, packages_select_build_failed=False, packages_skip_build_finished=False, packages_select_test_failures=False, packages_skip_test_passed=False, packages_select=['motor_control'], packages_skip=None, packages_select_regex=None, packages_skip_regex=None, packages_start=None, packages_end=None, cmake_args=None, cmake_target=None, cmake_target_skip_unavailable=False, cmake_clean_cache=False, cmake_clean_first=False, cmake_force_configure=False, ament_cmake_args=None, catkin_cmake_args=None, catkin_skip_building_tests=False, mixin_files=None, mixin=None, verb_parser=<colcon_mixin.mixin.mixin_argument.MixinArgumentDecorator object at 0x7fac7690c0>, verb_extension=<colcon_core.verb.build.BuildVerb object at 0x7fac768bb0>, main=<bound method BuildVerb.main of <colcon_core.verb.build.BuildVerb object at 0x7fac768bb0>>, mixin_verb=('build',))
[2.994s] Level 1:colcon.colcon_core.package_discovery:discover_packages(colcon_meta) check parameters
[2.994s] Level 1:colcon.colcon_core.package_discovery:discover_packages(recursive) check parameters
[2.995s] Level 1:colcon.colcon_core.package_discovery:discover_packages(ignore) check parameters
[2.995s] Level 1:colcon.colcon_core.package_discovery:discover_packages(path) check parameters
[2.995s] Level 1:colcon.colcon_core.package_discovery:discover_packages(colcon_meta) discover
[2.995s] Level 1:colcon.colcon_core.package_discovery:discover_packages(recursive) discover
[2.995s] INFO:colcon.colcon_core.package_discovery:Crawling recursively for packages in '/home/orangepi/catkin_ws'
[2.996s] Level 1:colcon.colcon_core.package_identification:_identify(.) by extensions ['ignore', 'ignore_ament_install']
[2.996s] Level 1:colcon.colcon_core.package_identification:_identify(.) by extension 'ignore'
[3.001s] Level 1:colcon.colcon_core.package_identification:_identify(.) by extension 'ignore_ament_install'
[3.001s] Level 1:colcon.colcon_core.package_identification:_identify(.) by extensions ['colcon_pkg']
[3.002s] Level 1:colcon.colcon_core.package_identification:_identify(.) by extension 'colcon_pkg'
[3.002s] Level 1:colcon.colcon_core.package_identification:_identify(.) by extensions ['colcon_meta']
[3.002s] Level 1:colcon.colcon_core.package_identification:_identify(.) by extension 'colcon_meta'
[3.002s] Level 1:colcon.colcon_core.package_identification:_identify(.) by extensions ['ros']
[3.002s] Level 1:colcon.colcon_core.package_identification:_identify(.) by extension 'ros'
[3.085s] Level 1:colcon.colcon_core.package_identification:_identify(.) by extensions ['cmake', 'python']
[3.085s] Level 1:colcon.colcon_core.package_identification:_identify(.) by extension 'cmake'
[3.085s] Level 1:colcon.colcon_core.package_identification:_identify(.) by extension 'python'
[3.085s] Level 1:colcon.colcon_core.package_identification:_identify(.) by extensions ['python_setup_py']
[3.085s] Level 1:colcon.colcon_core.package_identification:_identify(.) by extension 'python_setup_py'
[3.093s] Level 1:colcon.colcon_core.package_identification:_identify(build) by extensions ['ignore', 'ignore_ament_install']
[3.093s] Level 1:colcon.colcon_core.package_identification:_identify(build) by extension 'ignore'
[3.093s] Level 1:colcon.colcon_core.package_identification:_identify(build) ignored
[3.095s] Level 1:colcon.colcon_core.package_identification:_identify(devel) by extensions ['ignore', 'ignore_ament_install']
[3.095s] Level 1:colcon.colcon_core.package_identification:_identify(devel) by extension 'ignore'
[3.095s] Level 1:colcon.colcon_core.package_identification:_identify(devel) by extension 'ignore_ament_install'
[3.095s] Level 1:colcon.colcon_core.package_identification:_identify(devel) by extensions ['colcon_pkg']
[3.095s] Level 1:colcon.colcon_core.package_identification:_identify(devel) by extension 'colcon_pkg'
[3.096s] Level 1:colcon.colcon_core.package_identification:_identify(devel) by extensions ['colcon_meta']
[3.096s] Level 1:colcon.colcon_core.package_identification:_identify(devel) by extension 'colcon_meta'
[3.096s] Level 1:colcon.colcon_core.package_identification:_identify(devel) by extensions ['ros']
[3.096s] Level 1:colcon.colcon_core.package_identification:_identify(devel) by extension 'ros'
[3.096s] Level 1:colcon.colcon_core.package_identification:_identify(devel) by extensions ['cmake', 'python']
[3.096s] Level 1:colcon.colcon_core.package_identification:_identify(devel) by extension 'cmake'
[3.096s] Level 1:colcon.colcon_core.package_identification:_identify(devel) by extension 'python'
[3.096s] Level 1:colcon.colcon_core.package_identification:_identify(devel) by extensions ['python_setup_py']
[3.096s] Level 1:colcon.colcon_core.package_identification:_identify(devel) by extension 'python_setup_py'
[3.097s] Level 1:colcon.colcon_core.package_identification:_identify(install) by extensions ['ignore', 'ignore_ament_install']
[3.097s] Level 1:colcon.colcon_core.package_identification:_identify(install) by extension 'ignore'
[3.097s] Level 1:colcon.colcon_core.package_identification:_identify(install) ignored
[3.097s] Level 1:colcon.colcon_core.package_identification:_identify(log) by extensions ['ignore', 'ignore_ament_install']
[3.097s] Level 1:colcon.colcon_core.package_identification:_identify(log) by extension 'ignore'
[3.097s] Level 1:colcon.colcon_core.package_identification:_identify(log) ignored
[3.098s] Level 1:colcon.colcon_core.package_identification:_identify(logs) by extensions ['ignore', 'ignore_ament_install']
[3.098s] Level 1:colcon.colcon_core.package_identification:_identify(logs) by extension 'ignore'
[3.098s] Level 1:colcon.colcon_core.package_identification:_identify(logs) by extension 'ignore_ament_install'
[3.098s] Level 1:colcon.colcon_core.package_identification:_identify(logs) by extensions ['colcon_pkg']
[3.098s] Level 1:colcon.colcon_core.package_identification:_identify(logs) by extension 'colcon_pkg'
[3.099s] Level 1:colcon.colcon_core.package_identification:_identify(logs) by extensions ['colcon_meta']
[3.099s] Level 1:colcon.colcon_core.package_identification:_identify(logs) by extension 'colcon_meta'
[3.099s] Level 1:colcon.colcon_core.package_identification:_identify(logs) by extensions ['ros']
[3.099s] Level 1:colcon.colcon_core.package_identification:_identify(logs) by extension 'ros'
[3.099s] Level 1:colcon.colcon_core.package_identification:_identify(logs) by extensions ['cmake', 'python']
[3.099s] Level 1:colcon.colcon_core.package_identification:_identify(logs) by extension 'cmake'
[3.099s] Level 1:colcon.colcon_core.package_identification:_identify(logs) by extension 'python'
[3.099s] Level 1:colcon.colcon_core.package_identification:_identify(logs) by extensions ['python_setup_py']
[3.099s] Level 1:colcon.colcon_core.package_identification:_identify(logs) by extension 'python_setup_py'
[3.105s] Level 1:colcon.colcon_core.package_identification:_identify(logs/catkin_tools_prebuild) by extensions ['ignore', 'ignore_ament_install']
[3.105s] Level 1:colcon.colcon_core.package_identification:_identify(logs/catkin_tools_prebuild) by extension 'ignore'
[3.105s] Level 1:colcon.colcon_core.package_identification:_identify(logs/catkin_tools_prebuild) by extension 'ignore_ament_install'
[3.105s] Level 1:colcon.colcon_core.package_identification:_identify(logs/catkin_tools_prebuild) by extensions ['colcon_pkg']
[3.105s] Level 1:colcon.colcon_core.package_identification:_identify(logs/catkin_tools_prebuild) by extension 'colcon_pkg'
[3.106s] Level 1:colcon.colcon_core.package_identification:_identify(logs/catkin_tools_prebuild) by extensions ['colcon_meta']
[3.106s] Level 1:colcon.colcon_core.package_identification:_identify(logs/catkin_tools_prebuild) by extension 'colcon_meta'
[3.106s] Level 1:colcon.colcon_core.package_identification:_identify(logs/catkin_tools_prebuild) by extensions ['ros']
[3.106s] Level 1:colcon.colcon_core.package_identification:_identify(logs/catkin_tools_prebuild) by extension 'ros'
[3.106s] Level 1:colcon.colcon_core.package_identification:_identify(logs/catkin_tools_prebuild) by extensions ['cmake', 'python']
[3.106s] Level 1:colcon.colcon_core.package_identification:_identify(logs/catkin_tools_prebuild) by extension 'cmake'
[3.106s] Level 1:colcon.colcon_core.package_identification:_identify(logs/catkin_tools_prebuild) by extension 'python'
[3.106s] Level 1:colcon.colcon_core.package_identification:_identify(logs/catkin_tools_prebuild) by extensions ['python_setup_py']
[3.106s] Level 1:colcon.colcon_core.package_identification:_identify(logs/catkin_tools_prebuild) by extension 'python_setup_py'
[3.106s] Level 1:colcon.colcon_core.package_identification:_identify(src) by extensions ['ignore', 'ignore_ament_install']
[3.107s] Level 1:colcon.colcon_core.package_identification:_identify(src) by extension 'ignore'
[3.107s] Level 1:colcon.colcon_core.package_identification:_identify(src) by extension 'ignore_ament_install'
[3.107s] Level 1:colcon.colcon_core.package_identification:_identify(src) by extensions ['colcon_pkg']
[3.107s] Level 1:colcon.colcon_core.package_identification:_identify(src) by extension 'colcon_pkg'
[3.107s] Level 1:colcon.colcon_core.package_identification:_identify(src) by extensions ['colcon_meta']
[3.107s] Level 1:colcon.colcon_core.package_identification:_identify(src) by extension 'colcon_meta'
[3.107s] Level 1:colcon.colcon_core.package_identification:_identify(src) by extensions ['ros']
[3.107s] Level 1:colcon.colcon_core.package_identification:_identify(src) by extension 'ros'
[3.107s] Level 1:colcon.colcon_core.package_identification:_identify(src) by extensions ['cmake', 'python']
[3.107s] Level 1:colcon.colcon_core.package_identification:_identify(src) by extension 'cmake'
[3.107s] Level 1:colcon.colcon_core.package_identification:_identify(src) by extension 'python'
[3.107s] Level 1:colcon.colcon_core.package_identification:_identify(src) by extensions ['python_setup_py']
[3.107s] Level 1:colcon.colcon_core.package_identification:_identify(src) by extension 'python_setup_py'
[3.108s] Level 1:colcon.colcon_core.package_identification:_identify(src/launch) by extensions ['ignore', 'ignore_ament_install']
[3.109s] Level 1:colcon.colcon_core.package_identification:_identify(src/launch) by extension 'ignore'
[3.109s] Level 1:colcon.colcon_core.package_identification:_identify(src/launch) by extension 'ignore_ament_install'
[3.109s] Level 1:colcon.colcon_core.package_identification:_identify(src/launch) by extensions ['colcon_pkg']
[3.109s] Level 1:colcon.colcon_core.package_identification:_identify(src/launch) by extension 'colcon_pkg'
[3.109s] Level 1:colcon.colcon_core.package_identification:_identify(src/launch) by extensions ['colcon_meta']
[3.109s] Level 1:colcon.colcon_core.package_identification:_identify(src/launch) by extension 'colcon_meta'
[3.109s] Level 1:colcon.colcon_core.package_identification:_identify(src/launch) by extensions ['ros']
[3.109s] Level 1:colcon.colcon_core.package_identification:_identify(src/launch) by extension 'ros'
[3.109s] Level 1:colcon.colcon_core.package_identification:_identify(src/launch) by extensions ['cmake', 'python']
[3.109s] Level 1:colcon.colcon_core.package_identification:_identify(src/launch) by extension 'cmake'
[3.109s] Level 1:colcon.colcon_core.package_identification:_identify(src/launch) by extension 'python'
[3.110s] Level 1:colcon.colcon_core.package_identification:_identify(src/launch) by extensions ['python_setup_py']
[3.110s] Level 1:colcon.colcon_core.package_identification:_identify(src/launch) by extension 'python_setup_py'
[3.113s] Level 1:colcon.colcon_core.package_identification:_identify(src/libawnn_viplite) by extensions ['ignore', 'ignore_ament_install']
[3.113s] Level 1:colcon.colcon_core.package_identification:_identify(src/libawnn_viplite) by extension 'ignore'
[3.113s] Level 1:colcon.colcon_core.package_identification:_identify(src/libawnn_viplite) by extension 'ignore_ament_install'
[3.113s] Level 1:colcon.colcon_core.package_identification:_identify(src/libawnn_viplite) by extensions ['colcon_pkg']
[3.113s] Level 1:colcon.colcon_core.package_identification:_identify(src/libawnn_viplite) by extension 'colcon_pkg'
[3.113s] Level 1:colcon.colcon_core.package_identification:_identify(src/libawnn_viplite) by extensions ['colcon_meta']
[3.114s] Level 1:colcon.colcon_core.package_identification:_identify(src/libawnn_viplite) by extension 'colcon_meta'
[3.114s] Level 1:colcon.colcon_core.package_identification:_identify(src/libawnn_viplite) by extensions ['ros']
[3.114s] Level 1:colcon.colcon_core.package_identification:_identify(src/libawnn_viplite) by extension 'ros'
[3.114s] Level 1:colcon.colcon_core.package_identification:_identify(src/libawnn_viplite) by extensions ['cmake', 'python']
[3.114s] Level 1:colcon.colcon_core.package_identification:_identify(src/libawnn_viplite) by extension 'cmake'
[3.114s] Level 1:colcon.colcon_core.package_identification:_identify(src/libawnn_viplite) by extension 'python'
[3.114s] Level 1:colcon.colcon_core.package_identification:_identify(src/libawnn_viplite) by extensions ['python_setup_py']
[3.114s] Level 1:colcon.colcon_core.package_identification:_identify(src/libawnn_viplite) by extension 'python_setup_py'
[3.120s] Level 1:colcon.colcon_core.package_identification:_identify(src/libawutils) by extensions ['ignore', 'ignore_ament_install']
[3.120s] Level 1:colcon.colcon_core.package_identification:_identify(src/libawutils) by extension 'ignore'
[3.121s] Level 1:colcon.colcon_core.package_identification:_identify(src/libawutils) by extension 'ignore_ament_install'
[3.121s] Level 1:colcon.colcon_core.package_identification:_identify(src/libawutils) by extensions ['colcon_pkg']
[3.121s] Level 1:colcon.colcon_core.package_identification:_identify(src/libawutils) by extension 'colcon_pkg'
[3.122s] Level 1:colcon.colcon_core.package_identification:_identify(src/libawutils) by extensions ['colcon_meta']
[3.122s] Level 1:colcon.colcon_core.package_identification:_identify(src/libawutils) by extension 'colcon_meta'
[3.122s] Level 1:colcon.colcon_core.package_identification:_identify(src/libawutils) by extensions ['ros']
[3.122s] Level 1:colcon.colcon_core.package_identification:_identify(src/libawutils) by extension 'ros'
[3.123s] Level 1:colcon.colcon_core.package_identification:_identify(src/libawutils) by extensions ['cmake', 'python']
[3.123s] Level 1:colcon.colcon_core.package_identification:_identify(src/libawutils) by extension 'cmake'
[3.123s] Level 1:colcon.colcon_core.package_identification:_identify(src/libawutils) by extension 'python'
[3.124s] Level 1:colcon.colcon_core.package_identification:_identify(src/libawutils) by extensions ['python_setup_py']
[3.124s] Level 1:colcon.colcon_core.package_identification:_identify(src/libawutils) by extension 'python_setup_py'
[3.124s] Level 1:colcon.colcon_core.package_identification:_identify(src/motor_control) by extensions ['ignore', 'ignore_ament_install']
[3.125s] Level 1:colcon.colcon_core.package_identification:_identify(src/motor_control) by extension 'ignore'
[3.125s] Level 1:colcon.colcon_core.package_identification:_identify(src/motor_control) by extension 'ignore_ament_install'
[3.125s] Level 1:colcon.colcon_core.package_identification:_identify(src/motor_control) by extensions ['colcon_pkg']
[3.126s] Level 1:colcon.colcon_core.package_identification:_identify(src/motor_control) by extension 'colcon_pkg'
[3.126s] Level 1:colcon.colcon_core.package_identification:_identify(src/motor_control) by extensions ['colcon_meta']
[3.126s] Level 1:colcon.colcon_core.package_identification:_identify(src/motor_control) by extension 'colcon_meta'
[3.126s] Level 1:colcon.colcon_core.package_identification:_identify(src/motor_control) by extensions ['ros']
[3.126s] Level 1:colcon.colcon_core.package_identification:_identify(src/motor_control) by extension 'ros'
[3.152s] DEBUG:colcon.colcon_core.package_identification:Package 'src/motor_control' with type 'ros.catkin' and name 'motor_control'
[3.153s] Level 1:colcon.colcon_core.package_identification:_identify(src/yolov5_vision) by extensions ['ignore', 'ignore_ament_install']
[3.154s] Level 1:colcon.colcon_core.package_identification:_identify(src/yolov5_vision) by extension 'ignore'
[3.154s] Level 1:colcon.colcon_core.package_identification:_identify(src/yolov5_vision) by extension 'ignore_ament_install'
[3.154s] Level 1:colcon.colcon_core.package_identification:_identify(src/yolov5_vision) by extensions ['colcon_pkg']
[3.154s] Level 1:colcon.colcon_core.package_identification:_identify(src/yolov5_vision) by extension 'colcon_pkg'
[3.155s] Level 1:colcon.colcon_core.package_identification:_identify(src/yolov5_vision) by extensions ['colcon_meta']
[3.155s] Level 1:colcon.colcon_core.package_identification:_identify(src/yolov5_vision) by extension 'colcon_meta'
[3.155s] Level 1:colcon.colcon_core.package_identification:_identify(src/yolov5_vision) by extensions ['ros']
[3.155s] Level 1:colcon.colcon_core.package_identification:_identify(src/yolov5_vision) by extension 'ros'
[3.164s] DEBUG:colcon.colcon_core.package_identification:Package 'src/yolov5_vision' with type 'ros.catkin' and name 'yolov5_vision'
[3.169s] Level 1:colcon.colcon_core.package_discovery:discover_packages(recursive) using defaults
[3.169s] Level 1:colcon.colcon_core.package_discovery:discover_packages(ignore) discover
[3.169s] Level 1:colcon.colcon_core.package_discovery:discover_packages(ignore) using defaults
[3.170s] Level 1:colcon.colcon_core.package_discovery:discover_packages(path) discover
[3.170s] Level 1:colcon.colcon_core.package_discovery:discover_packages(path) using defaults
[3.399s] INFO:colcon.colcon_core.package_selection:Skipping not selected package 'yolov5_vision' in 'src/yolov5_vision'
[3.401s] Level 5:colcon.colcon_core.verb:set package 'motor_control' build argument 'cmake_args' from command line to 'None'
[3.402s] Level 5:colcon.colcon_core.verb:set package 'motor_control' build argument 'cmake_target' from command line to 'None'
[3.402s] Level 5:colcon.colcon_core.verb:set package 'motor_control' build argument 'cmake_target_skip_unavailable' from command line to 'False'
[3.402s] Level 5:colcon.colcon_core.verb:set package 'motor_control' build argument 'cmake_clean_cache' from command line to 'False'
[3.402s] Level 5:colcon.colcon_core.verb:set package 'motor_control' build argument 'cmake_clean_first' from command line to 'False'
[3.402s] Level 5:colcon.colcon_core.verb:set package 'motor_control' build argument 'cmake_force_configure' from command line to 'False'
[3.403s] Level 5:colcon.colcon_core.verb:set package 'motor_control' build argument 'ament_cmake_args' from command line to 'None'
[3.403s] Level 5:colcon.colcon_core.verb:set package 'motor_control' build argument 'catkin_cmake_args' from command line to 'None'
[3.403s] Level 5:colcon.colcon_core.verb:set package 'motor_control' build argument 'catkin_skip_building_tests' from command line to 'False'
[3.403s] DEBUG:colcon.colcon_core.verb:Building package 'motor_control' with the following arguments: {'ament_cmake_args': None, 'build_base': '/home/orangepi/catkin_ws/build/motor_control', 'catkin_cmake_args': None, 'catkin_skip_building_tests': False, 'cmake_args': None, 'cmake_clean_cache': False, 'cmake_clean_first': False, 'cmake_force_configure': False, 'cmake_target': None, 'cmake_target_skip_unavailable': False, 'install_base': '/home/orangepi/catkin_ws/install/motor_control', 'merge_install': False, 'path': '/home/orangepi/catkin_ws/src/motor_control', 'symlink_install': False, 'test_result_base': None}
[3.404s] INFO:colcon.colcon_core.executor:Executing jobs using 'parallel' executor
[3.409s] DEBUG:colcon.colcon_parallel_executor.executor.parallel:run_until_complete
[3.410s] INFO:colcon.colcon_ros.task.catkin.build:Building ROS package in '/home/orangepi/catkin_ws/src/motor_control' with build type 'catkin'
[3.411s] INFO:colcon.colcon_cmake.task.cmake.build:Building CMake package in '/home/orangepi/catkin_ws/src/motor_control'
[3.460s] INFO:colcon.colcon_core.plugin_system:Skipping extension 'colcon_core.shell.bat': Not used on non-Windows systems
[3.461s] INFO:colcon.colcon_core.shell:Skip shell extension 'powershell' for command environment: Not usable outside of PowerShell
[3.461s] DEBUG:colcon.colcon_core.shell:Skip shell extension 'dsv' for command environment
[3.607s] DEBUG:colcon.colcon_core.event_handler.log_command:Invoking command in '/home/orangepi/catkin_ws/build/motor_control': /usr/bin/cmake --build /home/orangepi/catkin_ws/build/motor_control -- -j8 -l8
[44.780s] DEBUG:colcon.colcon_core.event_handler.log_command:Invoked command in '/home/orangepi/catkin_ws/build/motor_control' returned '0': /usr/bin/cmake --build /home/orangepi/catkin_ws/build/motor_control -- -j8 -l8
[44.822s] DEBUG:colcon.colcon_core.event_handler.log_command:Invoking command in '/home/orangepi/catkin_ws/build/motor_control': /usr/bin/cmake --install /home/orangepi/catkin_ws/build/motor_control
[44.916s] Level 1:colcon.colcon_core.shell:create_environment_hook('motor_control', 'ros_package_path')
[44.917s] INFO:colcon.colcon_core.shell:Creating environment hook '/home/orangepi/catkin_ws/install/motor_control/share/motor_control/hook/ros_package_path.ps1'
[44.918s] DEBUG:colcon.colcon_core.event_handler.log_command:Invoked command in '/home/orangepi/catkin_ws/build/motor_control' returned '0': /usr/bin/cmake --install /home/orangepi/catkin_ws/build/motor_control
[44.931s] INFO:colcon.colcon_core.shell:Creating environment descriptor '/home/orangepi/catkin_ws/install/motor_control/share/motor_control/hook/ros_package_path.dsv'
[44.934s] INFO:colcon.colcon_core.shell:Creating environment hook '/home/orangepi/catkin_ws/install/motor_control/share/motor_control/hook/ros_package_path.sh'
[44.939s] Level 1:colcon.colcon_core.shell:create_environment_hook('motor_control', 'pkg_config_path')
[44.940s] INFO:colcon.colcon_core.shell:Creating environment hook '/home/orangepi/catkin_ws/install/motor_control/share/motor_control/hook/pkg_config_path.ps1'
[44.941s] INFO:colcon.colcon_core.shell:Creating environment descriptor '/home/orangepi/catkin_ws/install/motor_control/share/motor_control/hook/pkg_config_path.dsv'
[44.942s] INFO:colcon.colcon_core.shell:Creating environment hook '/home/orangepi/catkin_ws/install/motor_control/share/motor_control/hook/pkg_config_path.sh'
[44.969s] Level 1:colcon.colcon_core.shell:create_environment_hook('motor_control', 'pkg_config_path_multiarch')
[44.970s] INFO:colcon.colcon_core.shell:Creating environment hook '/home/orangepi/catkin_ws/install/motor_control/share/motor_control/hook/pkg_config_path_multiarch.ps1'
[44.971s] INFO:colcon.colcon_core.shell:Creating environment descriptor '/home/orangepi/catkin_ws/install/motor_control/share/motor_control/hook/pkg_config_path_multiarch.dsv'
[44.977s] INFO:colcon.colcon_core.shell:Creating environment hook '/home/orangepi/catkin_ws/install/motor_control/share/motor_control/hook/pkg_config_path_multiarch.sh'
[44.980s] Level 1:colcon.colcon_core.environment:create_environment_scripts_only(motor_control)
[45.015s] Level 1:colcon.colcon_core.environment:checking '/home/orangepi/catkin_ws/install/motor_control' for CMake module files
[45.020s] Level 1:colcon.colcon_core.environment:checking '/home/orangepi/catkin_ws/install/motor_control' for CMake config files
[45.021s] Level 1:colcon.colcon_core.shell:create_environment_hook('motor_control', 'cmake_prefix_path')
[45.021s] INFO:colcon.colcon_core.shell:Creating environment hook '/home/orangepi/catkin_ws/install/motor_control/share/motor_control/hook/cmake_prefix_path.ps1'
[45.022s] INFO:colcon.colcon_core.shell:Creating environment descriptor '/home/orangepi/catkin_ws/install/motor_control/share/motor_control/hook/cmake_prefix_path.dsv'
[45.029s] INFO:colcon.colcon_core.shell:Creating environment hook '/home/orangepi/catkin_ws/install/motor_control/share/motor_control/hook/cmake_prefix_path.sh'
[45.031s] Level 1:colcon.colcon_core.environment:checking '/home/orangepi/catkin_ws/install/motor_control/lib'
[45.031s] Level 1:colcon.colcon_core.environment:checking '/home/orangepi/catkin_ws/install/motor_control/bin'
[45.031s] Level 1:colcon.colcon_core.environment:checking '/home/orangepi/catkin_ws/install/motor_control/lib/pkgconfig/motor_control.pc'
[45.038s] Level 1:colcon.colcon_core.environment:checking '/home/orangepi/catkin_ws/install/motor_control/lib/python3.10/site-packages'
[45.039s] Level 1:colcon.colcon_core.environment:checking '/home/orangepi/catkin_ws/install/motor_control/bin'
[45.040s] INFO:colcon.colcon_core.shell:Creating package script '/home/orangepi/catkin_ws/install/motor_control/share/motor_control/package.ps1'
[45.047s] INFO:colcon.colcon_core.shell:Creating package descriptor '/home/orangepi/catkin_ws/install/motor_control/share/motor_control/package.dsv'
[45.054s] INFO:colcon.colcon_core.shell:Creating package script '/home/orangepi/catkin_ws/install/motor_control/share/motor_control/package.sh'
[45.057s] INFO:colcon.colcon_core.shell:Creating package script '/home/orangepi/catkin_ws/install/motor_control/share/motor_control/package.bash'
[45.062s] INFO:colcon.colcon_core.shell:Creating package script '/home/orangepi/catkin_ws/install/motor_control/share/motor_control/package.zsh'
[45.069s] Level 1:colcon.colcon_core.environment:create_file_with_runtime_dependencies(/home/orangepi/catkin_ws/install/motor_control/share/colcon-core/packages/motor_control)
[45.071s] DEBUG:colcon.colcon_parallel_executor.executor.parallel:closing loop
[45.072s] DEBUG:colcon.colcon_parallel_executor.executor.parallel:loop closed
[45.072s] DEBUG:colcon.colcon_parallel_executor.executor.parallel:run_until_complete finished with '0'
[45.073s] DEBUG:colcon.colcon_core.event_reactor:joining thread
[45.077s] DEBUG:colcon.colcon_core.event_reactor:joined thread
[45.078s] INFO:colcon.colcon_core.shell:Creating prefix script '/home/orangepi/catkin_ws/install/local_setup.ps1'
[45.084s] INFO:colcon.colcon_core.shell:Creating prefix util module '/home/orangepi/catkin_ws/install/_local_setup_util_ps1.py'
[45.105s] INFO:colcon.colcon_core.shell:Creating prefix chain script '/home/orangepi/catkin_ws/install/setup.ps1'
[45.115s] INFO:colcon.colcon_core.shell:Creating prefix script '/home/orangepi/catkin_ws/install/local_setup.sh'
[45.125s] INFO:colcon.colcon_core.shell:Creating prefix util module '/home/orangepi/catkin_ws/install/_local_setup_util_sh.py'
[45.129s] INFO:colcon.colcon_core.shell:Creating prefix chain script '/home/orangepi/catkin_ws/install/setup.sh'
[45.141s] INFO:colcon.colcon_core.shell:Creating prefix script '/home/orangepi/catkin_ws/install/local_setup.bash'
[45.147s] INFO:colcon.colcon_core.shell:Creating prefix chain script '/home/orangepi/catkin_ws/install/setup.bash'
[45.156s] INFO:colcon.colcon_core.shell:Creating prefix script '/home/orangepi/catkin_ws/install/local_setup.zsh'
[45.164s] INFO:colcon.colcon_core.shell:Creating prefix chain script '/home/orangepi/catkin_ws/install/setup.zsh'
