[0.436s] DEBUG:colcon:Command line arguments: ['/usr/bin/colcon', 'build', '--packages-select', 'motor_control']
[0.436s] DEBUG:colcon:Parsed command line arguments: Namespace(log_base=None, log_level=None, verb_name='build', build_base='build', install_base='install', merge_install=False, symlink_install=False, test_result_base=None, continue_on_error=False, executor='parallel', parallel_workers=8, event_handlers=None, ignore_user_meta=False, metas=['./colcon.meta'], base_paths=['.'], packages_ignore=None, packages_ignore_regex=None, paths=None, packages_up_to=None, packages_up_to_regex=None, packages_above=None, packages_above_and_dependencies=None, packages_above_depth=None, packages_select_by_dep=None, packages_skip_by_dep=None, packages_skip_up_to=None, packages_select_build_failed=False, packages_skip_build_finished=False, packages_select_test_failures=False, packages_skip_test_passed=False, packages_select=['motor_control'], packages_skip=None, packages_select_regex=None, packages_skip_regex=None, packages_start=None, packages_end=None, cmake_args=None, cmake_target=None, cmake_target_skip_unavailable=False, cmake_clean_cache=False, cmake_clean_first=False, cmake_force_configure=False, ament_cmake_args=None, catkin_cmake_args=None, catkin_skip_building_tests=False, mixin_files=None, mixin=None, verb_parser=<colcon_mixin.mixin.mixin_argument.MixinArgumentDecorator object at 0x7fb0be50f0>, verb_extension=<colcon_core.verb.build.BuildVerb object at 0x7fb0be4be0>, main=<bound method BuildVerb.main of <colcon_core.verb.build.BuildVerb object at 0x7fb0be4be0>>, mixin_verb=('build',))
[1.029s] Level 1:colcon.colcon_core.package_discovery:discover_packages(colcon_meta) check parameters
[1.029s] Level 1:colcon.colcon_core.package_discovery:discover_packages(recursive) check parameters
[1.029s] Level 1:colcon.colcon_core.package_discovery:discover_packages(ignore) check parameters
[1.029s] Level 1:colcon.colcon_core.package_discovery:discover_packages(path) check parameters
[1.029s] Level 1:colcon.colcon_core.package_discovery:discover_packages(colcon_meta) discover
[1.030s] Level 1:colcon.colcon_core.package_discovery:discover_packages(recursive) discover
[1.030s] INFO:colcon.colcon_core.package_discovery:Crawling recursively for packages in '/home/orangepi/catkin_ws'
[1.030s] Level 1:colcon.colcon_core.package_identification:_identify(.) by extensions ['ignore', 'ignore_ament_install']
[1.030s] Level 1:colcon.colcon_core.package_identification:_identify(.) by extension 'ignore'
[1.030s] Level 1:colcon.colcon_core.package_identification:_identify(.) by extension 'ignore_ament_install'
[1.031s] Level 1:colcon.colcon_core.package_identification:_identify(.) by extensions ['colcon_pkg']
[1.031s] Level 1:colcon.colcon_core.package_identification:_identify(.) by extension 'colcon_pkg'
[1.031s] Level 1:colcon.colcon_core.package_identification:_identify(.) by extensions ['colcon_meta']
[1.031s] Level 1:colcon.colcon_core.package_identification:_identify(.) by extension 'colcon_meta'
[1.031s] Level 1:colcon.colcon_core.package_identification:_identify(.) by extensions ['ros']
[1.031s] Level 1:colcon.colcon_core.package_identification:_identify(.) by extension 'ros'
[1.075s] Level 1:colcon.colcon_core.package_identification:_identify(.) by extensions ['cmake', 'python']
[1.075s] Level 1:colcon.colcon_core.package_identification:_identify(.) by extension 'cmake'
[1.075s] Level 1:colcon.colcon_core.package_identification:_identify(.) by extension 'python'
[1.075s] Level 1:colcon.colcon_core.package_identification:_identify(.) by extensions ['python_setup_py']
[1.075s] Level 1:colcon.colcon_core.package_identification:_identify(.) by extension 'python_setup_py'
[1.076s] Level 1:colcon.colcon_core.package_identification:_identify(build) by extensions ['ignore', 'ignore_ament_install']
[1.076s] Level 1:colcon.colcon_core.package_identification:_identify(build) by extension 'ignore'
[1.076s] Level 1:colcon.colcon_core.package_identification:_identify(build) ignored
[1.076s] Level 1:colcon.colcon_core.package_identification:_identify(devel) by extensions ['ignore', 'ignore_ament_install']
[1.076s] Level 1:colcon.colcon_core.package_identification:_identify(devel) by extension 'ignore'
[1.076s] Level 1:colcon.colcon_core.package_identification:_identify(devel) by extension 'ignore_ament_install'
[1.076s] Level 1:colcon.colcon_core.package_identification:_identify(devel) by extensions ['colcon_pkg']
[1.077s] Level 1:colcon.colcon_core.package_identification:_identify(devel) by extension 'colcon_pkg'
[1.077s] Level 1:colcon.colcon_core.package_identification:_identify(devel) by extensions ['colcon_meta']
[1.077s] Level 1:colcon.colcon_core.package_identification:_identify(devel) by extension 'colcon_meta'
[1.077s] Level 1:colcon.colcon_core.package_identification:_identify(devel) by extensions ['ros']
[1.077s] Level 1:colcon.colcon_core.package_identification:_identify(devel) by extension 'ros'
[1.077s] Level 1:colcon.colcon_core.package_identification:_identify(devel) by extensions ['cmake', 'python']
[1.077s] Level 1:colcon.colcon_core.package_identification:_identify(devel) by extension 'cmake'
[1.077s] Level 1:colcon.colcon_core.package_identification:_identify(devel) by extension 'python'
[1.077s] Level 1:colcon.colcon_core.package_identification:_identify(devel) by extensions ['python_setup_py']
[1.077s] Level 1:colcon.colcon_core.package_identification:_identify(devel) by extension 'python_setup_py'
[1.077s] Level 1:colcon.colcon_core.package_identification:_identify(install) by extensions ['ignore', 'ignore_ament_install']
[1.078s] Level 1:colcon.colcon_core.package_identification:_identify(install) by extension 'ignore'
[1.078s] Level 1:colcon.colcon_core.package_identification:_identify(install) ignored
[1.078s] Level 1:colcon.colcon_core.package_identification:_identify(log) by extensions ['ignore', 'ignore_ament_install']
[1.078s] Level 1:colcon.colcon_core.package_identification:_identify(log) by extension 'ignore'
[1.078s] Level 1:colcon.colcon_core.package_identification:_identify(log) ignored
[1.078s] Level 1:colcon.colcon_core.package_identification:_identify(logs) by extensions ['ignore', 'ignore_ament_install']
[1.078s] Level 1:colcon.colcon_core.package_identification:_identify(logs) by extension 'ignore'
[1.078s] Level 1:colcon.colcon_core.package_identification:_identify(logs) by extension 'ignore_ament_install'
[1.078s] Level 1:colcon.colcon_core.package_identification:_identify(logs) by extensions ['colcon_pkg']
[1.078s] Level 1:colcon.colcon_core.package_identification:_identify(logs) by extension 'colcon_pkg'
[1.079s] Level 1:colcon.colcon_core.package_identification:_identify(logs) by extensions ['colcon_meta']
[1.079s] Level 1:colcon.colcon_core.package_identification:_identify(logs) by extension 'colcon_meta'
[1.079s] Level 1:colcon.colcon_core.package_identification:_identify(logs) by extensions ['ros']
[1.079s] Level 1:colcon.colcon_core.package_identification:_identify(logs) by extension 'ros'
[1.079s] Level 1:colcon.colcon_core.package_identification:_identify(logs) by extensions ['cmake', 'python']
[1.079s] Level 1:colcon.colcon_core.package_identification:_identify(logs) by extension 'cmake'
[1.079s] Level 1:colcon.colcon_core.package_identification:_identify(logs) by extension 'python'
[1.079s] Level 1:colcon.colcon_core.package_identification:_identify(logs) by extensions ['python_setup_py']
[1.079s] Level 1:colcon.colcon_core.package_identification:_identify(logs) by extension 'python_setup_py'
[1.079s] Level 1:colcon.colcon_core.package_identification:_identify(logs/catkin_tools_prebuild) by extensions ['ignore', 'ignore_ament_install']
[1.079s] Level 1:colcon.colcon_core.package_identification:_identify(logs/catkin_tools_prebuild) by extension 'ignore'
[1.079s] Level 1:colcon.colcon_core.package_identification:_identify(logs/catkin_tools_prebuild) by extension 'ignore_ament_install'
[1.080s] Level 1:colcon.colcon_core.package_identification:_identify(logs/catkin_tools_prebuild) by extensions ['colcon_pkg']
[1.080s] Level 1:colcon.colcon_core.package_identification:_identify(logs/catkin_tools_prebuild) by extension 'colcon_pkg'
[1.080s] Level 1:colcon.colcon_core.package_identification:_identify(logs/catkin_tools_prebuild) by extensions ['colcon_meta']
[1.080s] Level 1:colcon.colcon_core.package_identification:_identify(logs/catkin_tools_prebuild) by extension 'colcon_meta'
[1.080s] Level 1:colcon.colcon_core.package_identification:_identify(logs/catkin_tools_prebuild) by extensions ['ros']
[1.080s] Level 1:colcon.colcon_core.package_identification:_identify(logs/catkin_tools_prebuild) by extension 'ros'
[1.080s] Level 1:colcon.colcon_core.package_identification:_identify(logs/catkin_tools_prebuild) by extensions ['cmake', 'python']
[1.080s] Level 1:colcon.colcon_core.package_identification:_identify(logs/catkin_tools_prebuild) by extension 'cmake'
[1.080s] Level 1:colcon.colcon_core.package_identification:_identify(logs/catkin_tools_prebuild) by extension 'python'
[1.080s] Level 1:colcon.colcon_core.package_identification:_identify(logs/catkin_tools_prebuild) by extensions ['python_setup_py']
[1.080s] Level 1:colcon.colcon_core.package_identification:_identify(logs/catkin_tools_prebuild) by extension 'python_setup_py'
[1.080s] Level 1:colcon.colcon_core.package_identification:_identify(src) by extensions ['ignore', 'ignore_ament_install']
[1.081s] Level 1:colcon.colcon_core.package_identification:_identify(src) by extension 'ignore'
[1.081s] Level 1:colcon.colcon_core.package_identification:_identify(src) by extension 'ignore_ament_install'
[1.081s] Level 1:colcon.colcon_core.package_identification:_identify(src) by extensions ['colcon_pkg']
[1.081s] Level 1:colcon.colcon_core.package_identification:_identify(src) by extension 'colcon_pkg'
[1.081s] Level 1:colcon.colcon_core.package_identification:_identify(src) by extensions ['colcon_meta']
[1.081s] Level 1:colcon.colcon_core.package_identification:_identify(src) by extension 'colcon_meta'
[1.081s] Level 1:colcon.colcon_core.package_identification:_identify(src) by extensions ['ros']
[1.081s] Level 1:colcon.colcon_core.package_identification:_identify(src) by extension 'ros'
[1.081s] Level 1:colcon.colcon_core.package_identification:_identify(src) by extensions ['cmake', 'python']
[1.081s] Level 1:colcon.colcon_core.package_identification:_identify(src) by extension 'cmake'
[1.081s] Level 1:colcon.colcon_core.package_identification:_identify(src) by extension 'python'
[1.081s] Level 1:colcon.colcon_core.package_identification:_identify(src) by extensions ['python_setup_py']
[1.081s] Level 1:colcon.colcon_core.package_identification:_identify(src) by extension 'python_setup_py'
[1.082s] Level 1:colcon.colcon_core.package_identification:_identify(src/launch) by extensions ['ignore', 'ignore_ament_install']
[1.082s] Level 1:colcon.colcon_core.package_identification:_identify(src/launch) by extension 'ignore'
[1.082s] Level 1:colcon.colcon_core.package_identification:_identify(src/launch) by extension 'ignore_ament_install'
[1.082s] Level 1:colcon.colcon_core.package_identification:_identify(src/launch) by extensions ['colcon_pkg']
[1.082s] Level 1:colcon.colcon_core.package_identification:_identify(src/launch) by extension 'colcon_pkg'
[1.082s] Level 1:colcon.colcon_core.package_identification:_identify(src/launch) by extensions ['colcon_meta']
[1.082s] Level 1:colcon.colcon_core.package_identification:_identify(src/launch) by extension 'colcon_meta'
[1.082s] Level 1:colcon.colcon_core.package_identification:_identify(src/launch) by extensions ['ros']
[1.082s] Level 1:colcon.colcon_core.package_identification:_identify(src/launch) by extension 'ros'
[1.082s] Level 1:colcon.colcon_core.package_identification:_identify(src/launch) by extensions ['cmake', 'python']
[1.082s] Level 1:colcon.colcon_core.package_identification:_identify(src/launch) by extension 'cmake'
[1.082s] Level 1:colcon.colcon_core.package_identification:_identify(src/launch) by extension 'python'
[1.083s] Level 1:colcon.colcon_core.package_identification:_identify(src/launch) by extensions ['python_setup_py']
[1.083s] Level 1:colcon.colcon_core.package_identification:_identify(src/launch) by extension 'python_setup_py'
[1.083s] Level 1:colcon.colcon_core.package_identification:_identify(src/libawnn_viplite) by extensions ['ignore', 'ignore_ament_install']
[1.083s] Level 1:colcon.colcon_core.package_identification:_identify(src/libawnn_viplite) by extension 'ignore'
[1.083s] Level 1:colcon.colcon_core.package_identification:_identify(src/libawnn_viplite) by extension 'ignore_ament_install'
[1.083s] Level 1:colcon.colcon_core.package_identification:_identify(src/libawnn_viplite) by extensions ['colcon_pkg']
[1.083s] Level 1:colcon.colcon_core.package_identification:_identify(src/libawnn_viplite) by extension 'colcon_pkg'
[1.083s] Level 1:colcon.colcon_core.package_identification:_identify(src/libawnn_viplite) by extensions ['colcon_meta']
[1.083s] Level 1:colcon.colcon_core.package_identification:_identify(src/libawnn_viplite) by extension 'colcon_meta'
[1.083s] Level 1:colcon.colcon_core.package_identification:_identify(src/libawnn_viplite) by extensions ['ros']
[1.083s] Level 1:colcon.colcon_core.package_identification:_identify(src/libawnn_viplite) by extension 'ros'
[1.084s] Level 1:colcon.colcon_core.package_identification:_identify(src/libawnn_viplite) by extensions ['cmake', 'python']
[1.084s] Level 1:colcon.colcon_core.package_identification:_identify(src/libawnn_viplite) by extension 'cmake'
[1.084s] Level 1:colcon.colcon_core.package_identification:_identify(src/libawnn_viplite) by extension 'python'
[1.084s] Level 1:colcon.colcon_core.package_identification:_identify(src/libawnn_viplite) by extensions ['python_setup_py']
[1.084s] Level 1:colcon.colcon_core.package_identification:_identify(src/libawnn_viplite) by extension 'python_setup_py'
[1.084s] Level 1:colcon.colcon_core.package_identification:_identify(src/libawutils) by extensions ['ignore', 'ignore_ament_install']
[1.084s] Level 1:colcon.colcon_core.package_identification:_identify(src/libawutils) by extension 'ignore'
[1.084s] Level 1:colcon.colcon_core.package_identification:_identify(src/libawutils) by extension 'ignore_ament_install'
[1.084s] Level 1:colcon.colcon_core.package_identification:_identify(src/libawutils) by extensions ['colcon_pkg']
[1.084s] Level 1:colcon.colcon_core.package_identification:_identify(src/libawutils) by extension 'colcon_pkg'
[1.084s] Level 1:colcon.colcon_core.package_identification:_identify(src/libawutils) by extensions ['colcon_meta']
[1.084s] Level 1:colcon.colcon_core.package_identification:_identify(src/libawutils) by extension 'colcon_meta'
[1.084s] Level 1:colcon.colcon_core.package_identification:_identify(src/libawutils) by extensions ['ros']
[1.084s] Level 1:colcon.colcon_core.package_identification:_identify(src/libawutils) by extension 'ros'
[1.085s] Level 1:colcon.colcon_core.package_identification:_identify(src/libawutils) by extensions ['cmake', 'python']
[1.085s] Level 1:colcon.colcon_core.package_identification:_identify(src/libawutils) by extension 'cmake'
[1.085s] Level 1:colcon.colcon_core.package_identification:_identify(src/libawutils) by extension 'python'
[1.085s] Level 1:colcon.colcon_core.package_identification:_identify(src/libawutils) by extensions ['python_setup_py']
[1.085s] Level 1:colcon.colcon_core.package_identification:_identify(src/libawutils) by extension 'python_setup_py'
[1.085s] Level 1:colcon.colcon_core.package_identification:_identify(src/motor_control) by extensions ['ignore', 'ignore_ament_install']
[1.085s] Level 1:colcon.colcon_core.package_identification:_identify(src/motor_control) by extension 'ignore'
[1.085s] Level 1:colcon.colcon_core.package_identification:_identify(src/motor_control) by extension 'ignore_ament_install'
[1.085s] Level 1:colcon.colcon_core.package_identification:_identify(src/motor_control) by extensions ['colcon_pkg']
[1.085s] Level 1:colcon.colcon_core.package_identification:_identify(src/motor_control) by extension 'colcon_pkg'
[1.085s] Level 1:colcon.colcon_core.package_identification:_identify(src/motor_control) by extensions ['colcon_meta']
[1.085s] Level 1:colcon.colcon_core.package_identification:_identify(src/motor_control) by extension 'colcon_meta'
[1.085s] Level 1:colcon.colcon_core.package_identification:_identify(src/motor_control) by extensions ['ros']
[1.086s] Level 1:colcon.colcon_core.package_identification:_identify(src/motor_control) by extension 'ros'
[1.094s] DEBUG:colcon.colcon_core.package_identification:Package 'src/motor_control' with type 'ros.catkin' and name 'motor_control'
[1.094s] Level 1:colcon.colcon_core.package_identification:_identify(src/yolov5_vision) by extensions ['ignore', 'ignore_ament_install']
[1.095s] Level 1:colcon.colcon_core.package_identification:_identify(src/yolov5_vision) by extension 'ignore'
[1.095s] Level 1:colcon.colcon_core.package_identification:_identify(src/yolov5_vision) by extension 'ignore_ament_install'
[1.095s] Level 1:colcon.colcon_core.package_identification:_identify(src/yolov5_vision) by extensions ['colcon_pkg']
[1.095s] Level 1:colcon.colcon_core.package_identification:_identify(src/yolov5_vision) by extension 'colcon_pkg'
[1.095s] Level 1:colcon.colcon_core.package_identification:_identify(src/yolov5_vision) by extensions ['colcon_meta']
[1.095s] Level 1:colcon.colcon_core.package_identification:_identify(src/yolov5_vision) by extension 'colcon_meta'
[1.095s] Level 1:colcon.colcon_core.package_identification:_identify(src/yolov5_vision) by extensions ['ros']
[1.095s] Level 1:colcon.colcon_core.package_identification:_identify(src/yolov5_vision) by extension 'ros'
[1.098s] DEBUG:colcon.colcon_core.package_identification:Package 'src/yolov5_vision' with type 'ros.catkin' and name 'yolov5_vision'
[1.098s] Level 1:colcon.colcon_core.package_discovery:discover_packages(recursive) using defaults
[1.098s] Level 1:colcon.colcon_core.package_discovery:discover_packages(ignore) discover
[1.098s] Level 1:colcon.colcon_core.package_discovery:discover_packages(ignore) using defaults
[1.098s] Level 1:colcon.colcon_core.package_discovery:discover_packages(path) discover
[1.098s] Level 1:colcon.colcon_core.package_discovery:discover_packages(path) using defaults
[1.170s] INFO:colcon.colcon_core.package_selection:Skipping not selected package 'yolov5_vision' in 'src/yolov5_vision'
[1.171s] Level 5:colcon.colcon_core.verb:set package 'motor_control' build argument 'cmake_args' from command line to 'None'
[1.171s] Level 5:colcon.colcon_core.verb:set package 'motor_control' build argument 'cmake_target' from command line to 'None'
[1.171s] Level 5:colcon.colcon_core.verb:set package 'motor_control' build argument 'cmake_target_skip_unavailable' from command line to 'False'
[1.171s] Level 5:colcon.colcon_core.verb:set package 'motor_control' build argument 'cmake_clean_cache' from command line to 'False'
[1.171s] Level 5:colcon.colcon_core.verb:set package 'motor_control' build argument 'cmake_clean_first' from command line to 'False'
[1.171s] Level 5:colcon.colcon_core.verb:set package 'motor_control' build argument 'cmake_force_configure' from command line to 'False'
[1.171s] Level 5:colcon.colcon_core.verb:set package 'motor_control' build argument 'ament_cmake_args' from command line to 'None'
[1.171s] Level 5:colcon.colcon_core.verb:set package 'motor_control' build argument 'catkin_cmake_args' from command line to 'None'
[1.171s] Level 5:colcon.colcon_core.verb:set package 'motor_control' build argument 'catkin_skip_building_tests' from command line to 'False'
[1.171s] DEBUG:colcon.colcon_core.verb:Building package 'motor_control' with the following arguments: {'ament_cmake_args': None, 'build_base': '/home/orangepi/catkin_ws/build/motor_control', 'catkin_cmake_args': None, 'catkin_skip_building_tests': False, 'cmake_args': None, 'cmake_clean_cache': False, 'cmake_clean_first': False, 'cmake_force_configure': False, 'cmake_target': None, 'cmake_target_skip_unavailable': False, 'install_base': '/home/orangepi/catkin_ws/install/motor_control', 'merge_install': False, 'path': '/home/orangepi/catkin_ws/src/motor_control', 'symlink_install': False, 'test_result_base': None}
[1.172s] INFO:colcon.colcon_core.executor:Executing jobs using 'parallel' executor
[1.174s] DEBUG:colcon.colcon_parallel_executor.executor.parallel:run_until_complete
[1.175s] INFO:colcon.colcon_ros.task.catkin.build:Building ROS package in '/home/orangepi/catkin_ws/src/motor_control' with build type 'catkin'
[1.175s] INFO:colcon.colcon_cmake.task.cmake.build:Building CMake package in '/home/orangepi/catkin_ws/src/motor_control'
[1.183s] INFO:colcon.colcon_core.plugin_system:Skipping extension 'colcon_core.shell.bat': Not used on non-Windows systems
[1.183s] INFO:colcon.colcon_core.shell:Skip shell extension 'powershell' for command environment: Not usable outside of PowerShell
[1.184s] DEBUG:colcon.colcon_core.shell:Skip shell extension 'dsv' for command environment
[1.244s] DEBUG:colcon.colcon_core.event_handler.log_command:Invoking command in '/home/orangepi/catkin_ws/build/motor_control': /usr/bin/cmake --build /home/orangepi/catkin_ws/build/motor_control -- -j8 -l8
[23.833s] DEBUG:colcon.colcon_core.event_handler.log_command:Invoked command in '/home/orangepi/catkin_ws/build/motor_control' returned '0': /usr/bin/cmake --build /home/orangepi/catkin_ws/build/motor_control -- -j8 -l8
[23.874s] DEBUG:colcon.colcon_core.event_handler.log_command:Invoking command in '/home/orangepi/catkin_ws/build/motor_control': /usr/bin/cmake --install /home/orangepi/catkin_ws/build/motor_control
[23.923s] DEBUG:colcon.colcon_core.event_handler.log_command:Invoked command in '/home/orangepi/catkin_ws/build/motor_control' returned '0': /usr/bin/cmake --install /home/orangepi/catkin_ws/build/motor_control
[23.924s] Level 1:colcon.colcon_core.shell:create_environment_hook('motor_control', 'ros_package_path')
[23.925s] INFO:colcon.colcon_core.shell:Creating environment hook '/home/orangepi/catkin_ws/install/motor_control/share/motor_control/hook/ros_package_path.ps1'
[23.927s] INFO:colcon.colcon_core.shell:Creating environment descriptor '/home/orangepi/catkin_ws/install/motor_control/share/motor_control/hook/ros_package_path.dsv'
[23.930s] INFO:colcon.colcon_core.shell:Creating environment hook '/home/orangepi/catkin_ws/install/motor_control/share/motor_control/hook/ros_package_path.sh'
[23.932s] Level 1:colcon.colcon_core.shell:create_environment_hook('motor_control', 'pkg_config_path')
[23.933s] INFO:colcon.colcon_core.shell:Creating environment hook '/home/orangepi/catkin_ws/install/motor_control/share/motor_control/hook/pkg_config_path.ps1'
[23.934s] INFO:colcon.colcon_core.shell:Creating environment descriptor '/home/orangepi/catkin_ws/install/motor_control/share/motor_control/hook/pkg_config_path.dsv'
[23.935s] INFO:colcon.colcon_core.shell:Creating environment hook '/home/orangepi/catkin_ws/install/motor_control/share/motor_control/hook/pkg_config_path.sh'
[23.958s] Level 1:colcon.colcon_core.shell:create_environment_hook('motor_control', 'pkg_config_path_multiarch')
[23.960s] INFO:colcon.colcon_core.shell:Creating environment hook '/home/orangepi/catkin_ws/install/motor_control/share/motor_control/hook/pkg_config_path_multiarch.ps1'
[23.962s] INFO:colcon.colcon_core.shell:Creating environment descriptor '/home/orangepi/catkin_ws/install/motor_control/share/motor_control/hook/pkg_config_path_multiarch.dsv'
[23.964s] INFO:colcon.colcon_core.shell:Creating environment hook '/home/orangepi/catkin_ws/install/motor_control/share/motor_control/hook/pkg_config_path_multiarch.sh'
[23.970s] Level 1:colcon.colcon_core.environment:create_environment_scripts_only(motor_control)
[23.986s] Level 1:colcon.colcon_core.environment:checking '/home/orangepi/catkin_ws/install/motor_control' for CMake module files
[23.989s] Level 1:colcon.colcon_core.environment:checking '/home/orangepi/catkin_ws/install/motor_control' for CMake config files
[23.991s] Level 1:colcon.colcon_core.shell:create_environment_hook('motor_control', 'cmake_prefix_path')
[23.993s] INFO:colcon.colcon_core.shell:Creating environment hook '/home/orangepi/catkin_ws/install/motor_control/share/motor_control/hook/cmake_prefix_path.ps1'
[23.997s] INFO:colcon.colcon_core.shell:Creating environment descriptor '/home/orangepi/catkin_ws/install/motor_control/share/motor_control/hook/cmake_prefix_path.dsv'
[23.999s] INFO:colcon.colcon_core.shell:Creating environment hook '/home/orangepi/catkin_ws/install/motor_control/share/motor_control/hook/cmake_prefix_path.sh'
[24.002s] Level 1:colcon.colcon_core.environment:checking '/home/orangepi/catkin_ws/install/motor_control/lib'
[24.004s] Level 1:colcon.colcon_core.environment:checking '/home/orangepi/catkin_ws/install/motor_control/bin'
[24.004s] Level 1:colcon.colcon_core.environment:checking '/home/orangepi/catkin_ws/install/motor_control/lib/pkgconfig/motor_control.pc'
[24.010s] Level 1:colcon.colcon_core.environment:checking '/home/orangepi/catkin_ws/install/motor_control/lib/python3.10/site-packages'
[24.011s] Level 1:colcon.colcon_core.environment:checking '/home/orangepi/catkin_ws/install/motor_control/bin'
[24.012s] INFO:colcon.colcon_core.shell:Creating package script '/home/orangepi/catkin_ws/install/motor_control/share/motor_control/package.ps1'
[24.016s] INFO:colcon.colcon_core.shell:Creating package descriptor '/home/orangepi/catkin_ws/install/motor_control/share/motor_control/package.dsv'
[24.019s] INFO:colcon.colcon_core.shell:Creating package script '/home/orangepi/catkin_ws/install/motor_control/share/motor_control/package.sh'
[24.022s] INFO:colcon.colcon_core.shell:Creating package script '/home/orangepi/catkin_ws/install/motor_control/share/motor_control/package.bash'
[24.025s] INFO:colcon.colcon_core.shell:Creating package script '/home/orangepi/catkin_ws/install/motor_control/share/motor_control/package.zsh'
[24.028s] Level 1:colcon.colcon_core.environment:create_file_with_runtime_dependencies(/home/orangepi/catkin_ws/install/motor_control/share/colcon-core/packages/motor_control)
[24.030s] DEBUG:colcon.colcon_parallel_executor.executor.parallel:closing loop
[24.031s] DEBUG:colcon.colcon_parallel_executor.executor.parallel:loop closed
[24.031s] DEBUG:colcon.colcon_parallel_executor.executor.parallel:run_until_complete finished with '0'
[24.031s] DEBUG:colcon.colcon_core.event_reactor:joining thread
[24.033s] DEBUG:colcon.colcon_core.event_reactor:joined thread
[24.034s] INFO:colcon.colcon_core.shell:Creating prefix script '/home/orangepi/catkin_ws/install/local_setup.ps1'
[24.038s] INFO:colcon.colcon_core.shell:Creating prefix util module '/home/orangepi/catkin_ws/install/_local_setup_util_ps1.py'
[24.042s] INFO:colcon.colcon_core.shell:Creating prefix chain script '/home/orangepi/catkin_ws/install/setup.ps1'
[24.045s] INFO:colcon.colcon_core.shell:Creating prefix script '/home/orangepi/catkin_ws/install/local_setup.sh'
[24.048s] INFO:colcon.colcon_core.shell:Creating prefix util module '/home/orangepi/catkin_ws/install/_local_setup_util_sh.py'
[24.049s] INFO:colcon.colcon_core.shell:Creating prefix chain script '/home/orangepi/catkin_ws/install/setup.sh'
[24.052s] INFO:colcon.colcon_core.shell:Creating prefix script '/home/orangepi/catkin_ws/install/local_setup.bash'
[24.055s] INFO:colcon.colcon_core.shell:Creating prefix chain script '/home/orangepi/catkin_ws/install/setup.bash'
[24.057s] INFO:colcon.colcon_core.shell:Creating prefix script '/home/orangepi/catkin_ws/install/local_setup.zsh'
[24.060s] INFO:colcon.colcon_core.shell:Creating prefix chain script '/home/orangepi/catkin_ws/install/setup.zsh'
