[0.222s] Invoking command in '/home/orangepi/catkin_ws/build/motor_control': /usr/bin/cmake /home/orangepi/catkin_ws/src/motor_control -DCATKIN_INSTALL_INTO_PREFIX_ROOT=0 -DCMAKE_INSTALL_PREFIX=/home/orangepi/catkin_ws/install/motor_control
[0.507s] -- The C compiler identification is GNU 11.4.0
[0.728s] -- The CXX compiler identification is GNU 11.4.0
[0.776s] -- Detecting C compiler ABI info
[1.123s] -- Detecting C compiler ABI info - done
[1.136s] -- Check for working C compiler: /usr/bin/cc - skipped
[1.139s] -- Detecting C compile features
[1.145s] -- Detecting C compile features - done
[1.163s] -- Detecting CXX compiler ABI info
[1.436s] -- Detecting CXX compiler ABI info - done
[1.460s] -- Check for working CXX compiler: /usr/bin/c++ - skipped
[1.460s] -- Detecting CXX compile features
[1.460s] -- Detecting CXX compile features - done
[1.500s] -- Found ament_cmake: 1.3.14 (/opt/ros/humble/share/ament_cmake/cmake)
[2.111s] -- Found Python3: /usr/bin/python3 (found version "3.10.12") found components: Interpreter 
[2.795s] -- Found rclcpp: 16.0.19 (/opt/ros/humble/share/rclcpp/cmake)
[3.006s] -- Found rosidl_generator_c: 3.1.8 (/opt/ros/humble/share/rosidl_generator_c/cmake)
[3.043s] -- Found rosidl_adapter: 3.1.8 (/opt/ros/humble/share/rosidl_adapter/cmake)
[3.087s] -- Found rosidl_generator_cpp: 3.1.8 (/opt/ros/humble/share/rosidl_generator_cpp/cmake)
[3.149s] -- Using all available rosidl_typesupport_c: rosidl_typesupport_fastrtps_c;rosidl_typesupport_introspection_c
[3.229s] -- Using all available rosidl_typesupport_cpp: rosidl_typesupport_fastrtps_cpp;rosidl_typesupport_introspection_cpp
[3.530s] -- Found rmw_implementation_cmake: 6.1.2 (/opt/ros/humble/share/rmw_implementation_cmake/cmake)
[3.556s] -- Found rmw_fastrtps_cpp: 6.2.10 (/opt/ros/humble/share/rmw_fastrtps_cpp/cmake)
[4.063s] -- Found OpenSSL: /usr/lib/aarch64-linux-gnu/libcrypto.so (found version "3.0.2")  
[4.135s] -- Found FastRTPS: /opt/ros/humble/include  
[4.208s] -- Using RMW implementation 'rmw_fastrtps_cpp' as default
[4.287s] -- Looking for pthread.h
[4.657s] -- Looking for pthread.h - found
[4.657s] -- Performing Test CMAKE_HAVE_LIBC_PTHREAD
[5.044s] -- Performing Test CMAKE_HAVE_LIBC_PTHREAD - Success
[5.044s] -- Found Threads: TRUE  
[5.679s] -- Configuring done
[5.713s] -- Generating done
[5.719s] [33mCMake Warning:
[5.720s]   Manually-specified variables were not used by the project:
[5.721s] 
[5.721s]     CATKIN_INSTALL_INTO_PREFIX_ROOT
[5.721s] 
[5.721s] [0m
[5.744s] -- Build files have been written to: /home/orangepi/catkin_ws/build/motor_control
[5.809s] Invoked command in '/home/orangepi/catkin_ws/build/motor_control' returned '0': /usr/bin/cmake /home/orangepi/catkin_ws/src/motor_control -DCATKIN_INSTALL_INTO_PREFIX_ROOT=0 -DCMAKE_INSTALL_PREFIX=/home/orangepi/catkin_ws/install/motor_control
[5.809s] Invoking command in '/home/orangepi/catkin_ws/build/motor_control': /usr/bin/cmake --build /home/orangepi/catkin_ws/build/motor_control -- -j8 -l8
[6.086s] [ 50%] [32mBuilding CXX object CMakeFiles/motor_node.dir/motor_node.cpp.o[0m
[50.002s] [100%] [32m[1mLinking CXX executable motor_node[0m
[53.241s] [100%] Built target motor_node
[53.328s] Invoked command in '/home/orangepi/catkin_ws/build/motor_control' returned '0': /usr/bin/cmake --build /home/orangepi/catkin_ws/build/motor_control -- -j8 -l8
[53.396s] Invoking command in '/home/orangepi/catkin_ws/build/motor_control': /usr/bin/cmake --install /home/orangepi/catkin_ws/build/motor_control
[53.487s] -- Install configuration: ""
[53.504s] -- Installing: /home/orangepi/catkin_ws/install/motor_control/lib/motor_control/motor_node
[53.526s] -- Set runtime path of "/home/orangepi/catkin_ws/install/motor_control/lib/motor_control/motor_node" to ""
[53.527s] -- Installing: /home/orangepi/catkin_ws/install/motor_control/share/ament_index/resource_index/package_run_dependencies/motor_control
[53.537s] -- Installing: /home/orangepi/catkin_ws/install/motor_control/share/ament_index/resource_index/parent_prefix_path/motor_control
[53.538s] -- Installing: /home/orangepi/catkin_ws/install/motor_control/share/motor_control/environment/ament_prefix_path.sh
[53.544s] -- Installing: /home/orangepi/catkin_ws/install/motor_control/share/motor_control/environment/ament_prefix_path.dsv
[53.547s] -- Installing: /home/orangepi/catkin_ws/install/motor_control/share/motor_control/environment/path.sh
[53.551s] -- Installing: /home/orangepi/catkin_ws/install/motor_control/share/motor_control/environment/path.dsv
[53.557s] -- Installing: /home/orangepi/catkin_ws/install/motor_control/share/motor_control/local_setup.bash
[53.557s] -- Installing: /home/orangepi/catkin_ws/install/motor_control/share/motor_control/local_setup.sh
[53.558s] -- Installing: /home/orangepi/catkin_ws/install/motor_control/share/motor_control/local_setup.zsh
[53.559s] -- Installing: /home/orangepi/catkin_ws/install/motor_control/share/motor_control/local_setup.dsv
[53.559s] -- Installing: /home/orangepi/catkin_ws/install/motor_control/share/motor_control/package.dsv
[53.566s] -- Installing: /home/orangepi/catkin_ws/install/motor_control/share/ament_index/resource_index/packages/motor_control
[53.566s] -- Installing: /home/orangepi/catkin_ws/install/motor_control/share/motor_control/cmake/motor_controlConfig.cmake
[53.566s] -- Installing: /home/orangepi/catkin_ws/install/motor_control/share/motor_control/cmake/motor_controlConfig-version.cmake
[53.567s] -- Installing: /home/orangepi/catkin_ws/install/motor_control/share/motor_control/package.xml
[53.574s] Invoked command in '/home/orangepi/catkin_ws/build/motor_control' returned '0': /usr/bin/cmake --install /home/orangepi/catkin_ws/build/motor_control
