[0.085s] Invoking command in '/home/orangepi/catkin_ws/build/motor_control': /usr/bin/cmake --build /home/orangepi/catkin_ws/build/motor_control -- -j8 -l8
[0.307s] [35m[1mConsolidate compiler generated dependencies of target motor_node[0m
[0.373s] [100%] Built target motor_node
[0.448s] Invoked command in '/home/orangepi/catkin_ws/build/motor_control' returned '0': /usr/bin/cmake --build /home/orangepi/catkin_ws/build/motor_control -- -j8 -l8
[0.449s] Invoking command in '/home/orangepi/catkin_ws/build/motor_control': /usr/bin/cmake --install /home/orangepi/catkin_ws/build/motor_control
[0.475s] -- Install configuration: ""
[0.497s] -- Up-to-date: /home/orangepi/catkin_ws/install/motor_control/lib/motor_control/motor_node
[0.500s] -- Up-to-date: /home/orangepi/catkin_ws/install/motor_control/share/ament_index/resource_index/package_run_dependencies/motor_control
[0.500s] -- Up-to-date: /home/orangepi/catkin_ws/install/motor_control/share/ament_index/resource_index/parent_prefix_path/motor_control
[0.500s] -- Up-to-date: /home/orangepi/catkin_ws/install/motor_control/share/motor_control/environment/ament_prefix_path.sh
[0.501s] -- Up-to-date: /home/orangepi/catkin_ws/install/motor_control/share/motor_control/environment/ament_prefix_path.dsv
[0.501s] -- Up-to-date: /home/orangepi/catkin_ws/install/motor_control/share/motor_control/environment/path.sh
[0.501s] -- Up-to-date: /home/orangepi/catkin_ws/install/motor_control/share/motor_control/environment/path.dsv
[0.501s] -- Up-to-date: /home/orangepi/catkin_ws/install/motor_control/share/motor_control/local_setup.bash
[0.501s] -- Up-to-date: /home/orangepi/catkin_ws/install/motor_control/share/motor_control/local_setup.sh
[0.501s] -- Up-to-date: /home/orangepi/catkin_ws/install/motor_control/share/motor_control/local_setup.zsh
[0.501s] -- Up-to-date: /home/orangepi/catkin_ws/install/motor_control/share/motor_control/local_setup.dsv
[0.501s] -- Installing: /home/orangepi/catkin_ws/install/motor_control/share/motor_control/package.dsv
[0.501s] -- Up-to-date: /home/orangepi/catkin_ws/install/motor_control/share/ament_index/resource_index/packages/motor_control
[0.501s] -- Up-to-date: /home/orangepi/catkin_ws/install/motor_control/share/motor_control/cmake/motor_controlConfig.cmake
[0.501s] -- Up-to-date: /home/orangepi/catkin_ws/install/motor_control/share/motor_control/cmake/motor_controlConfig-version.cmake
[0.502s] -- Up-to-date: /home/orangepi/catkin_ws/install/motor_control/share/motor_control/package.xml
[0.584s] Invoked command in '/home/orangepi/catkin_ws/build/motor_control' returned '0': /usr/bin/cmake --install /home/orangepi/catkin_ws/build/motor_control
