[ 50%] [32mBuilding CXX object CMakeFiles/motor_node.dir/motor_node.cpp.o[0m
[100%] [32m[1mLinking CXX executable motor_node[0m
[100%] Built target motor_node
-- Install configuration: ""
-- Installing: /home/orangepi/catkin_ws/install/motor_control/lib/motor_control/motor_node
-- Set runtime path of "/home/orangepi/catkin_ws/install/motor_control/lib/motor_control/motor_node" to ""
-- Up-to-date: /home/orangepi/catkin_ws/install/motor_control/share/ament_index/resource_index/package_run_dependencies/motor_control
-- Up-to-date: /home/orangepi/catkin_ws/install/motor_control/share/ament_index/resource_index/parent_prefix_path/motor_control
-- Up-to-date: /home/orangepi/catkin_ws/install/motor_control/share/motor_control/environment/ament_prefix_path.sh
-- Up-to-date: /home/orangepi/catkin_ws/install/motor_control/share/motor_control/environment/ament_prefix_path.dsv
-- Up-to-date: /home/orangepi/catkin_ws/install/motor_control/share/motor_control/environment/path.sh
-- Up-to-date: /home/orangepi/catkin_ws/install/motor_control/share/motor_control/environment/path.dsv
-- Up-to-date: /home/orangepi/catkin_ws/install/motor_control/share/motor_control/local_setup.bash
-- Up-to-date: /home/orangepi/catkin_ws/install/motor_control/share/motor_control/local_setup.sh
-- Up-to-date: /home/orangepi/catkin_ws/install/motor_control/share/motor_control/local_setup.zsh
-- Up-to-date: /home/orangepi/catkin_ws/install/motor_control/share/motor_control/local_setup.dsv
-- Installing: /home/orangepi/catkin_ws/install/motor_control/share/motor_control/package.dsv
-- Up-to-date: /home/orangepi/catkin_ws/install/motor_control/share/ament_index/resource_index/packages/motor_control
-- Up-to-date: /home/orangepi/catkin_ws/install/motor_control/share/motor_control/cmake/motor_controlConfig.cmake
-- Up-to-date: /home/orangepi/catkin_ws/install/motor_control/share/motor_control/cmake/motor_controlConfig-version.cmake
-- Up-to-date: /home/orangepi/catkin_ws/install/motor_control/share/motor_control/package.xml
