[0.233s] DEBUG:colcon:Command line arguments: ['/usr/bin/colcon', 'build', '--packages-select', 'yolov5_vision']
[0.233s] DEBUG:colcon:Parsed command line arguments: Namespace(log_base=None, log_level=None, verb_name='build', build_base='build', install_base='install', merge_install=False, symlink_install=False, test_result_base=None, continue_on_error=False, executor='parallel', parallel_workers=8, event_handlers=None, ignore_user_meta=False, metas=['./colcon.meta'], base_paths=['.'], packages_ignore=None, packages_ignore_regex=None, paths=None, packages_up_to=None, packages_up_to_regex=None, packages_above=None, packages_above_and_dependencies=None, packages_above_depth=None, packages_select_by_dep=None, packages_skip_by_dep=None, packages_skip_up_to=None, packages_select_build_failed=False, packages_skip_build_finished=False, packages_select_test_failures=False, packages_skip_test_passed=False, packages_select=['yolov5_vision'], packages_skip=None, packages_select_regex=None, packages_skip_regex=None, packages_start=None, packages_end=None, cmake_args=None, cmake_target=None, cmake_target_skip_unavailable=False, cmake_clean_cache=False, cmake_clean_first=False, cmake_force_configure=False, ament_cmake_args=None, catkin_cmake_args=None, catkin_skip_building_tests=False, mixin_files=None, mixin=None, verb_parser=<colcon_mixin.mixin.mixin_argument.MixinArgumentDecorator object at 0x7f9ef890c0>, verb_extension=<colcon_core.verb.build.BuildVerb object at 0x7f9ef88bb0>, main=<bound method BuildVerb.main of <colcon_core.verb.build.BuildVerb object at 0x7f9ef88bb0>>, mixin_verb=('build',))
[0.798s] Level 1:colcon.colcon_core.package_discovery:discover_packages(colcon_meta) check parameters
[0.798s] Level 1:colcon.colcon_core.package_discovery:discover_packages(recursive) check parameters
[0.798s] Level 1:colcon.colcon_core.package_discovery:discover_packages(ignore) check parameters
[0.798s] Level 1:colcon.colcon_core.package_discovery:discover_packages(path) check parameters
[0.798s] Level 1:colcon.colcon_core.package_discovery:discover_packages(colcon_meta) discover
[0.798s] Level 1:colcon.colcon_core.package_discovery:discover_packages(recursive) discover
[0.799s] INFO:colcon.colcon_core.package_discovery:Crawling recursively for packages in '/home/orangepi/catkin_ws'
[0.799s] Level 1:colcon.colcon_core.package_identification:_identify(.) by extensions ['ignore', 'ignore_ament_install']
[0.799s] Level 1:colcon.colcon_core.package_identification:_identify(.) by extension 'ignore'
[0.799s] Level 1:colcon.colcon_core.package_identification:_identify(.) by extension 'ignore_ament_install'
[0.799s] Level 1:colcon.colcon_core.package_identification:_identify(.) by extensions ['colcon_pkg']
[0.799s] Level 1:colcon.colcon_core.package_identification:_identify(.) by extension 'colcon_pkg'
[0.800s] Level 1:colcon.colcon_core.package_identification:_identify(.) by extensions ['colcon_meta']
[0.800s] Level 1:colcon.colcon_core.package_identification:_identify(.) by extension 'colcon_meta'
[0.800s] Level 1:colcon.colcon_core.package_identification:_identify(.) by extensions ['ros']
[0.800s] Level 1:colcon.colcon_core.package_identification:_identify(.) by extension 'ros'
[0.828s] Level 1:colcon.colcon_core.package_identification:_identify(.) by extensions ['cmake', 'python']
[0.828s] Level 1:colcon.colcon_core.package_identification:_identify(.) by extension 'cmake'
[0.828s] Level 1:colcon.colcon_core.package_identification:_identify(.) by extension 'python'
[0.829s] Level 1:colcon.colcon_core.package_identification:_identify(.) by extensions ['python_setup_py']
[0.829s] Level 1:colcon.colcon_core.package_identification:_identify(.) by extension 'python_setup_py'
[0.829s] Level 1:colcon.colcon_core.package_identification:_identify(build) by extensions ['ignore', 'ignore_ament_install']
[0.829s] Level 1:colcon.colcon_core.package_identification:_identify(build) by extension 'ignore'
[0.829s] Level 1:colcon.colcon_core.package_identification:_identify(build) ignored
[0.829s] Level 1:colcon.colcon_core.package_identification:_identify(devel) by extensions ['ignore', 'ignore_ament_install']
[0.830s] Level 1:colcon.colcon_core.package_identification:_identify(devel) by extension 'ignore'
[0.830s] Level 1:colcon.colcon_core.package_identification:_identify(devel) by extension 'ignore_ament_install'
[0.830s] Level 1:colcon.colcon_core.package_identification:_identify(devel) by extensions ['colcon_pkg']
[0.830s] Level 1:colcon.colcon_core.package_identification:_identify(devel) by extension 'colcon_pkg'
[0.830s] Level 1:colcon.colcon_core.package_identification:_identify(devel) by extensions ['colcon_meta']
[0.830s] Level 1:colcon.colcon_core.package_identification:_identify(devel) by extension 'colcon_meta'
[0.830s] Level 1:colcon.colcon_core.package_identification:_identify(devel) by extensions ['ros']
[0.830s] Level 1:colcon.colcon_core.package_identification:_identify(devel) by extension 'ros'
[0.830s] Level 1:colcon.colcon_core.package_identification:_identify(devel) by extensions ['cmake', 'python']
[0.830s] Level 1:colcon.colcon_core.package_identification:_identify(devel) by extension 'cmake'
[0.830s] Level 1:colcon.colcon_core.package_identification:_identify(devel) by extension 'python'
[0.831s] Level 1:colcon.colcon_core.package_identification:_identify(devel) by extensions ['python_setup_py']
[0.831s] Level 1:colcon.colcon_core.package_identification:_identify(devel) by extension 'python_setup_py'
[0.831s] Level 1:colcon.colcon_core.package_identification:_identify(install) by extensions ['ignore', 'ignore_ament_install']
[0.831s] Level 1:colcon.colcon_core.package_identification:_identify(install) by extension 'ignore'
[0.831s] Level 1:colcon.colcon_core.package_identification:_identify(install) ignored
[0.831s] Level 1:colcon.colcon_core.package_identification:_identify(log) by extensions ['ignore', 'ignore_ament_install']
[0.832s] Level 1:colcon.colcon_core.package_identification:_identify(log) by extension 'ignore'
[0.832s] Level 1:colcon.colcon_core.package_identification:_identify(log) ignored
[0.832s] Level 1:colcon.colcon_core.package_identification:_identify(logs) by extensions ['ignore', 'ignore_ament_install']
[0.832s] Level 1:colcon.colcon_core.package_identification:_identify(logs) by extension 'ignore'
[0.832s] Level 1:colcon.colcon_core.package_identification:_identify(logs) by extension 'ignore_ament_install'
[0.832s] Level 1:colcon.colcon_core.package_identification:_identify(logs) by extensions ['colcon_pkg']
[0.832s] Level 1:colcon.colcon_core.package_identification:_identify(logs) by extension 'colcon_pkg'
[0.832s] Level 1:colcon.colcon_core.package_identification:_identify(logs) by extensions ['colcon_meta']
[0.832s] Level 1:colcon.colcon_core.package_identification:_identify(logs) by extension 'colcon_meta'
[0.832s] Level 1:colcon.colcon_core.package_identification:_identify(logs) by extensions ['ros']
[0.832s] Level 1:colcon.colcon_core.package_identification:_identify(logs) by extension 'ros'
[0.833s] Level 1:colcon.colcon_core.package_identification:_identify(logs) by extensions ['cmake', 'python']
[0.833s] Level 1:colcon.colcon_core.package_identification:_identify(logs) by extension 'cmake'
[0.833s] Level 1:colcon.colcon_core.package_identification:_identify(logs) by extension 'python'
[0.833s] Level 1:colcon.colcon_core.package_identification:_identify(logs) by extensions ['python_setup_py']
[0.833s] Level 1:colcon.colcon_core.package_identification:_identify(logs) by extension 'python_setup_py'
[0.833s] Level 1:colcon.colcon_core.package_identification:_identify(logs/catkin_tools_prebuild) by extensions ['ignore', 'ignore_ament_install']
[0.833s] Level 1:colcon.colcon_core.package_identification:_identify(logs/catkin_tools_prebuild) by extension 'ignore'
[0.833s] Level 1:colcon.colcon_core.package_identification:_identify(logs/catkin_tools_prebuild) by extension 'ignore_ament_install'
[0.833s] Level 1:colcon.colcon_core.package_identification:_identify(logs/catkin_tools_prebuild) by extensions ['colcon_pkg']
[0.833s] Level 1:colcon.colcon_core.package_identification:_identify(logs/catkin_tools_prebuild) by extension 'colcon_pkg'
[0.833s] Level 1:colcon.colcon_core.package_identification:_identify(logs/catkin_tools_prebuild) by extensions ['colcon_meta']
[0.833s] Level 1:colcon.colcon_core.package_identification:_identify(logs/catkin_tools_prebuild) by extension 'colcon_meta'
[0.834s] Level 1:colcon.colcon_core.package_identification:_identify(logs/catkin_tools_prebuild) by extensions ['ros']
[0.834s] Level 1:colcon.colcon_core.package_identification:_identify(logs/catkin_tools_prebuild) by extension 'ros'
[0.834s] Level 1:colcon.colcon_core.package_identification:_identify(logs/catkin_tools_prebuild) by extensions ['cmake', 'python']
[0.834s] Level 1:colcon.colcon_core.package_identification:_identify(logs/catkin_tools_prebuild) by extension 'cmake'
[0.834s] Level 1:colcon.colcon_core.package_identification:_identify(logs/catkin_tools_prebuild) by extension 'python'
[0.834s] Level 1:colcon.colcon_core.package_identification:_identify(logs/catkin_tools_prebuild) by extensions ['python_setup_py']
[0.834s] Level 1:colcon.colcon_core.package_identification:_identify(logs/catkin_tools_prebuild) by extension 'python_setup_py'
[0.834s] Level 1:colcon.colcon_core.package_identification:_identify(src) by extensions ['ignore', 'ignore_ament_install']
[0.834s] Level 1:colcon.colcon_core.package_identification:_identify(src) by extension 'ignore'
[0.834s] Level 1:colcon.colcon_core.package_identification:_identify(src) by extension 'ignore_ament_install'
[0.835s] Level 1:colcon.colcon_core.package_identification:_identify(src) by extensions ['colcon_pkg']
[0.835s] Level 1:colcon.colcon_core.package_identification:_identify(src) by extension 'colcon_pkg'
[0.835s] Level 1:colcon.colcon_core.package_identification:_identify(src) by extensions ['colcon_meta']
[0.835s] Level 1:colcon.colcon_core.package_identification:_identify(src) by extension 'colcon_meta'
[0.835s] Level 1:colcon.colcon_core.package_identification:_identify(src) by extensions ['ros']
[0.835s] Level 1:colcon.colcon_core.package_identification:_identify(src) by extension 'ros'
[0.835s] Level 1:colcon.colcon_core.package_identification:_identify(src) by extensions ['cmake', 'python']
[0.835s] Level 1:colcon.colcon_core.package_identification:_identify(src) by extension 'cmake'
[0.835s] Level 1:colcon.colcon_core.package_identification:_identify(src) by extension 'python'
[0.835s] Level 1:colcon.colcon_core.package_identification:_identify(src) by extensions ['python_setup_py']
[0.835s] Level 1:colcon.colcon_core.package_identification:_identify(src) by extension 'python_setup_py'
[0.835s] Level 1:colcon.colcon_core.package_identification:_identify(src/launch) by extensions ['ignore', 'ignore_ament_install']
[0.836s] Level 1:colcon.colcon_core.package_identification:_identify(src/launch) by extension 'ignore'
[0.836s] Level 1:colcon.colcon_core.package_identification:_identify(src/launch) by extension 'ignore_ament_install'
[0.836s] Level 1:colcon.colcon_core.package_identification:_identify(src/launch) by extensions ['colcon_pkg']
[0.836s] Level 1:colcon.colcon_core.package_identification:_identify(src/launch) by extension 'colcon_pkg'
[0.836s] Level 1:colcon.colcon_core.package_identification:_identify(src/launch) by extensions ['colcon_meta']
[0.836s] Level 1:colcon.colcon_core.package_identification:_identify(src/launch) by extension 'colcon_meta'
[0.836s] Level 1:colcon.colcon_core.package_identification:_identify(src/launch) by extensions ['ros']
[0.836s] Level 1:colcon.colcon_core.package_identification:_identify(src/launch) by extension 'ros'
[0.836s] Level 1:colcon.colcon_core.package_identification:_identify(src/launch) by extensions ['cmake', 'python']
[0.836s] Level 1:colcon.colcon_core.package_identification:_identify(src/launch) by extension 'cmake'
[0.836s] Level 1:colcon.colcon_core.package_identification:_identify(src/launch) by extension 'python'
[0.836s] Level 1:colcon.colcon_core.package_identification:_identify(src/launch) by extensions ['python_setup_py']
[0.836s] Level 1:colcon.colcon_core.package_identification:_identify(src/launch) by extension 'python_setup_py'
[0.837s] Level 1:colcon.colcon_core.package_identification:_identify(src/libawnn_viplite) by extensions ['ignore', 'ignore_ament_install']
[0.837s] Level 1:colcon.colcon_core.package_identification:_identify(src/libawnn_viplite) by extension 'ignore'
[0.837s] Level 1:colcon.colcon_core.package_identification:_identify(src/libawnn_viplite) by extension 'ignore_ament_install'
[0.837s] Level 1:colcon.colcon_core.package_identification:_identify(src/libawnn_viplite) by extensions ['colcon_pkg']
[0.837s] Level 1:colcon.colcon_core.package_identification:_identify(src/libawnn_viplite) by extension 'colcon_pkg'
[0.837s] Level 1:colcon.colcon_core.package_identification:_identify(src/libawnn_viplite) by extensions ['colcon_meta']
[0.837s] Level 1:colcon.colcon_core.package_identification:_identify(src/libawnn_viplite) by extension 'colcon_meta'
[0.837s] Level 1:colcon.colcon_core.package_identification:_identify(src/libawnn_viplite) by extensions ['ros']
[0.837s] Level 1:colcon.colcon_core.package_identification:_identify(src/libawnn_viplite) by extension 'ros'
[0.837s] Level 1:colcon.colcon_core.package_identification:_identify(src/libawnn_viplite) by extensions ['cmake', 'python']
[0.837s] Level 1:colcon.colcon_core.package_identification:_identify(src/libawnn_viplite) by extension 'cmake'
[0.837s] Level 1:colcon.colcon_core.package_identification:_identify(src/libawnn_viplite) by extension 'python'
[0.837s] Level 1:colcon.colcon_core.package_identification:_identify(src/libawnn_viplite) by extensions ['python_setup_py']
[0.837s] Level 1:colcon.colcon_core.package_identification:_identify(src/libawnn_viplite) by extension 'python_setup_py'
[0.838s] Level 1:colcon.colcon_core.package_identification:_identify(src/libawutils) by extensions ['ignore', 'ignore_ament_install']
[0.838s] Level 1:colcon.colcon_core.package_identification:_identify(src/libawutils) by extension 'ignore'
[0.838s] Level 1:colcon.colcon_core.package_identification:_identify(src/libawutils) by extension 'ignore_ament_install'
[0.838s] Level 1:colcon.colcon_core.package_identification:_identify(src/libawutils) by extensions ['colcon_pkg']
[0.838s] Level 1:colcon.colcon_core.package_identification:_identify(src/libawutils) by extension 'colcon_pkg'
[0.838s] Level 1:colcon.colcon_core.package_identification:_identify(src/libawutils) by extensions ['colcon_meta']
[0.838s] Level 1:colcon.colcon_core.package_identification:_identify(src/libawutils) by extension 'colcon_meta'
[0.838s] Level 1:colcon.colcon_core.package_identification:_identify(src/libawutils) by extensions ['ros']
[0.838s] Level 1:colcon.colcon_core.package_identification:_identify(src/libawutils) by extension 'ros'
[0.838s] Level 1:colcon.colcon_core.package_identification:_identify(src/libawutils) by extensions ['cmake', 'python']
[0.838s] Level 1:colcon.colcon_core.package_identification:_identify(src/libawutils) by extension 'cmake'
[0.838s] Level 1:colcon.colcon_core.package_identification:_identify(src/libawutils) by extension 'python'
[0.839s] Level 1:colcon.colcon_core.package_identification:_identify(src/libawutils) by extensions ['python_setup_py']
[0.839s] Level 1:colcon.colcon_core.package_identification:_identify(src/libawutils) by extension 'python_setup_py'
[0.839s] Level 1:colcon.colcon_core.package_identification:_identify(src/motor_control) by extensions ['ignore', 'ignore_ament_install']
[0.839s] Level 1:colcon.colcon_core.package_identification:_identify(src/motor_control) by extension 'ignore'
[0.839s] Level 1:colcon.colcon_core.package_identification:_identify(src/motor_control) by extension 'ignore_ament_install'
[0.839s] Level 1:colcon.colcon_core.package_identification:_identify(src/motor_control) by extensions ['colcon_pkg']
[0.839s] Level 1:colcon.colcon_core.package_identification:_identify(src/motor_control) by extension 'colcon_pkg'
[0.839s] Level 1:colcon.colcon_core.package_identification:_identify(src/motor_control) by extensions ['colcon_meta']
[0.839s] Level 1:colcon.colcon_core.package_identification:_identify(src/motor_control) by extension 'colcon_meta'
[0.839s] Level 1:colcon.colcon_core.package_identification:_identify(src/motor_control) by extensions ['ros']
[0.839s] Level 1:colcon.colcon_core.package_identification:_identify(src/motor_control) by extension 'ros'
[0.845s] DEBUG:colcon.colcon_core.package_identification:Package 'src/motor_control' with type 'ros.catkin' and name 'motor_control'
[0.845s] Level 1:colcon.colcon_core.package_identification:_identify(src/yolov5_vision) by extensions ['ignore', 'ignore_ament_install']
[0.845s] Level 1:colcon.colcon_core.package_identification:_identify(src/yolov5_vision) by extension 'ignore'
[0.845s] Level 1:colcon.colcon_core.package_identification:_identify(src/yolov5_vision) by extension 'ignore_ament_install'
[0.846s] Level 1:colcon.colcon_core.package_identification:_identify(src/yolov5_vision) by extensions ['colcon_pkg']
[0.846s] Level 1:colcon.colcon_core.package_identification:_identify(src/yolov5_vision) by extension 'colcon_pkg'
[0.846s] Level 1:colcon.colcon_core.package_identification:_identify(src/yolov5_vision) by extensions ['colcon_meta']
[0.846s] Level 1:colcon.colcon_core.package_identification:_identify(src/yolov5_vision) by extension 'colcon_meta'
[0.846s] Level 1:colcon.colcon_core.package_identification:_identify(src/yolov5_vision) by extensions ['ros']
[0.846s] Level 1:colcon.colcon_core.package_identification:_identify(src/yolov5_vision) by extension 'ros'
[0.848s] DEBUG:colcon.colcon_core.package_identification:Package 'src/yolov5_vision' with type 'ros.catkin' and name 'yolov5_vision'
[0.848s] Level 1:colcon.colcon_core.package_discovery:discover_packages(recursive) using defaults
[0.849s] Level 1:colcon.colcon_core.package_discovery:discover_packages(ignore) discover
[0.849s] Level 1:colcon.colcon_core.package_discovery:discover_packages(ignore) using defaults
[0.849s] Level 1:colcon.colcon_core.package_discovery:discover_packages(path) discover
[0.849s] Level 1:colcon.colcon_core.package_discovery:discover_packages(path) using defaults
[0.963s] INFO:colcon.colcon_core.package_selection:Skipping not selected package 'motor_control' in 'src/motor_control'
[0.966s] Level 5:colcon.colcon_core.verb:set package 'yolov5_vision' build argument 'cmake_args' from command line to 'None'
[0.966s] Level 5:colcon.colcon_core.verb:set package 'yolov5_vision' build argument 'cmake_target' from command line to 'None'
[0.967s] Level 5:colcon.colcon_core.verb:set package 'yolov5_vision' build argument 'cmake_target_skip_unavailable' from command line to 'False'
[0.967s] Level 5:colcon.colcon_core.verb:set package 'yolov5_vision' build argument 'cmake_clean_cache' from command line to 'False'
[0.967s] Level 5:colcon.colcon_core.verb:set package 'yolov5_vision' build argument 'cmake_clean_first' from command line to 'False'
[0.967s] Level 5:colcon.colcon_core.verb:set package 'yolov5_vision' build argument 'cmake_force_configure' from command line to 'False'
[0.968s] Level 5:colcon.colcon_core.verb:set package 'yolov5_vision' build argument 'ament_cmake_args' from command line to 'None'
[0.968s] Level 5:colcon.colcon_core.verb:set package 'yolov5_vision' build argument 'catkin_cmake_args' from command line to 'None'
[0.968s] Level 5:colcon.colcon_core.verb:set package 'yolov5_vision' build argument 'catkin_skip_building_tests' from command line to 'False'
[0.968s] DEBUG:colcon.colcon_core.verb:Building package 'yolov5_vision' with the following arguments: {'ament_cmake_args': None, 'build_base': '/home/orangepi/catkin_ws/build/yolov5_vision', 'catkin_cmake_args': None, 'catkin_skip_building_tests': False, 'cmake_args': None, 'cmake_clean_cache': False, 'cmake_clean_first': False, 'cmake_force_configure': False, 'cmake_target': None, 'cmake_target_skip_unavailable': False, 'install_base': '/home/orangepi/catkin_ws/install/yolov5_vision', 'merge_install': False, 'path': '/home/orangepi/catkin_ws/src/yolov5_vision', 'symlink_install': False, 'test_result_base': None}
[0.969s] INFO:colcon.colcon_core.executor:Executing jobs using 'parallel' executor
[0.980s] DEBUG:colcon.colcon_parallel_executor.executor.parallel:run_until_complete
[0.983s] INFO:colcon.colcon_ros.task.catkin.build:Building ROS package in '/home/orangepi/catkin_ws/src/yolov5_vision' with build type 'catkin'
[0.983s] INFO:colcon.colcon_cmake.task.cmake.build:Building CMake package in '/home/orangepi/catkin_ws/src/yolov5_vision'
[0.992s] INFO:colcon.colcon_core.plugin_system:Skipping extension 'colcon_core.shell.bat': Not used on non-Windows systems
[0.993s] INFO:colcon.colcon_core.shell:Skip shell extension 'powershell' for command environment: Not usable outside of PowerShell
[0.993s] DEBUG:colcon.colcon_core.shell:Skip shell extension 'dsv' for command environment
[1.099s] DEBUG:colcon.colcon_core.event_handler.log_command:Invoking command in '/home/orangepi/catkin_ws/build/yolov5_vision': /usr/bin/cmake --build /home/orangepi/catkin_ws/build/yolov5_vision -- -j8 -l8
[34.116s] DEBUG:colcon.colcon_core.event_handler.log_command:Invoked command in '/home/orangepi/catkin_ws/build/yolov5_vision' returned '0': /usr/bin/cmake --build /home/orangepi/catkin_ws/build/yolov5_vision -- -j8 -l8
[34.156s] DEBUG:colcon.colcon_core.event_handler.log_command:Invoking command in '/home/orangepi/catkin_ws/build/yolov5_vision': /usr/bin/cmake --install /home/orangepi/catkin_ws/build/yolov5_vision
[34.251s] Level 1:colcon.colcon_core.shell:create_environment_hook('yolov5_vision', 'ros_package_path')
[34.252s] INFO:colcon.colcon_core.shell:Creating environment hook '/home/orangepi/catkin_ws/install/yolov5_vision/share/yolov5_vision/hook/ros_package_path.ps1'
[34.260s] DEBUG:colcon.colcon_core.event_handler.log_command:Invoked command in '/home/orangepi/catkin_ws/build/yolov5_vision' returned '0': /usr/bin/cmake --install /home/orangepi/catkin_ws/build/yolov5_vision
[34.263s] INFO:colcon.colcon_core.shell:Creating environment descriptor '/home/orangepi/catkin_ws/install/yolov5_vision/share/yolov5_vision/hook/ros_package_path.dsv'
[34.269s] INFO:colcon.colcon_core.shell:Creating environment hook '/home/orangepi/catkin_ws/install/yolov5_vision/share/yolov5_vision/hook/ros_package_path.sh'
[34.272s] Level 1:colcon.colcon_core.shell:create_environment_hook('yolov5_vision', 'pkg_config_path')
[34.279s] INFO:colcon.colcon_core.shell:Creating environment hook '/home/orangepi/catkin_ws/install/yolov5_vision/share/yolov5_vision/hook/pkg_config_path.ps1'
[34.280s] INFO:colcon.colcon_core.shell:Creating environment descriptor '/home/orangepi/catkin_ws/install/yolov5_vision/share/yolov5_vision/hook/pkg_config_path.dsv'
[34.281s] INFO:colcon.colcon_core.shell:Creating environment hook '/home/orangepi/catkin_ws/install/yolov5_vision/share/yolov5_vision/hook/pkg_config_path.sh'
[34.292s] Level 1:colcon.colcon_core.shell:create_environment_hook('yolov5_vision', 'pkg_config_path_multiarch')
[34.293s] INFO:colcon.colcon_core.shell:Creating environment hook '/home/orangepi/catkin_ws/install/yolov5_vision/share/yolov5_vision/hook/pkg_config_path_multiarch.ps1'
[34.294s] INFO:colcon.colcon_core.shell:Creating environment descriptor '/home/orangepi/catkin_ws/install/yolov5_vision/share/yolov5_vision/hook/pkg_config_path_multiarch.dsv'
[34.295s] INFO:colcon.colcon_core.shell:Creating environment hook '/home/orangepi/catkin_ws/install/yolov5_vision/share/yolov5_vision/hook/pkg_config_path_multiarch.sh'
[34.298s] Level 1:colcon.colcon_core.environment:create_environment_scripts_only(yolov5_vision)
[34.312s] Level 1:colcon.colcon_core.environment:checking '/home/orangepi/catkin_ws/install/yolov5_vision' for CMake module files
[34.320s] Level 1:colcon.colcon_core.environment:checking '/home/orangepi/catkin_ws/install/yolov5_vision' for CMake config files
[34.323s] Level 1:colcon.colcon_core.shell:create_environment_hook('yolov5_vision', 'cmake_prefix_path')
[34.323s] INFO:colcon.colcon_core.shell:Creating environment hook '/home/orangepi/catkin_ws/install/yolov5_vision/share/yolov5_vision/hook/cmake_prefix_path.ps1'
[34.325s] INFO:colcon.colcon_core.shell:Creating environment descriptor '/home/orangepi/catkin_ws/install/yolov5_vision/share/yolov5_vision/hook/cmake_prefix_path.dsv'
[34.325s] INFO:colcon.colcon_core.shell:Creating environment hook '/home/orangepi/catkin_ws/install/yolov5_vision/share/yolov5_vision/hook/cmake_prefix_path.sh'
[34.331s] Level 1:colcon.colcon_core.environment:checking '/home/orangepi/catkin_ws/install/yolov5_vision/lib'
[34.332s] Level 1:colcon.colcon_core.environment:checking '/home/orangepi/catkin_ws/install/yolov5_vision/bin'
[34.332s] Level 1:colcon.colcon_core.environment:checking '/home/orangepi/catkin_ws/install/yolov5_vision/lib/pkgconfig/yolov5_vision.pc'
[34.340s] Level 1:colcon.colcon_core.environment:checking '/home/orangepi/catkin_ws/install/yolov5_vision/lib/python3.10/site-packages'
[34.341s] Level 1:colcon.colcon_core.environment:checking '/home/orangepi/catkin_ws/install/yolov5_vision/bin'
[34.342s] INFO:colcon.colcon_core.shell:Creating package script '/home/orangepi/catkin_ws/install/yolov5_vision/share/yolov5_vision/package.ps1'
[34.349s] INFO:colcon.colcon_core.shell:Creating package descriptor '/home/orangepi/catkin_ws/install/yolov5_vision/share/yolov5_vision/package.dsv'
[34.350s] INFO:colcon.colcon_core.shell:Creating package script '/home/orangepi/catkin_ws/install/yolov5_vision/share/yolov5_vision/package.sh'
[34.356s] INFO:colcon.colcon_core.shell:Creating package script '/home/orangepi/catkin_ws/install/yolov5_vision/share/yolov5_vision/package.bash'
[34.358s] INFO:colcon.colcon_core.shell:Creating package script '/home/orangepi/catkin_ws/install/yolov5_vision/share/yolov5_vision/package.zsh'
[34.364s] Level 1:colcon.colcon_core.environment:create_file_with_runtime_dependencies(/home/orangepi/catkin_ws/install/yolov5_vision/share/colcon-core/packages/yolov5_vision)
[34.365s] DEBUG:colcon.colcon_parallel_executor.executor.parallel:closing loop
[34.366s] DEBUG:colcon.colcon_parallel_executor.executor.parallel:loop closed
[34.371s] DEBUG:colcon.colcon_parallel_executor.executor.parallel:run_until_complete finished with '0'
[34.371s] DEBUG:colcon.colcon_core.event_reactor:joining thread
[34.373s] DEBUG:colcon.colcon_core.event_reactor:joined thread
[34.374s] INFO:colcon.colcon_core.shell:Creating prefix script '/home/orangepi/catkin_ws/install/local_setup.ps1'
[34.376s] INFO:colcon.colcon_core.shell:Creating prefix util module '/home/orangepi/catkin_ws/install/_local_setup_util_ps1.py'
[34.380s] INFO:colcon.colcon_core.shell:Creating prefix chain script '/home/orangepi/catkin_ws/install/setup.ps1'
[34.390s] INFO:colcon.colcon_core.shell:Creating prefix script '/home/orangepi/catkin_ws/install/local_setup.sh'
[34.391s] INFO:colcon.colcon_core.shell:Creating prefix util module '/home/orangepi/catkin_ws/install/_local_setup_util_sh.py'
[34.393s] INFO:colcon.colcon_core.shell:Creating prefix chain script '/home/orangepi/catkin_ws/install/setup.sh'
[34.403s] INFO:colcon.colcon_core.shell:Creating prefix script '/home/orangepi/catkin_ws/install/local_setup.bash'
[34.405s] INFO:colcon.colcon_core.shell:Creating prefix chain script '/home/orangepi/catkin_ws/install/setup.bash'
[34.411s] INFO:colcon.colcon_core.shell:Creating prefix script '/home/orangepi/catkin_ws/install/local_setup.zsh'
[34.413s] INFO:colcon.colcon_core.shell:Creating prefix chain script '/home/orangepi/catkin_ws/install/setup.zsh'
