[1.693s] DEBUG:colcon:Command line arguments: ['/usr/bin/colcon', 'build', '--packages-select', 'yolov5_vision']
[1.694s] DEBUG:colcon:Parsed command line arguments: Namespace(log_base=None, log_level=None, verb_name='build', build_base='build', install_base='install', merge_install=False, symlink_install=False, test_result_base=None, continue_on_error=False, executor='parallel', parallel_workers=8, event_handlers=None, ignore_user_meta=False, metas=['./colcon.meta'], base_paths=['.'], packages_ignore=None, packages_ignore_regex=None, paths=None, packages_up_to=None, packages_up_to_regex=None, packages_above=None, packages_above_and_dependencies=None, packages_above_depth=None, packages_select_by_dep=None, packages_skip_by_dep=None, packages_skip_up_to=None, packages_select_build_failed=False, packages_skip_build_finished=False, packages_select_test_failures=False, packages_skip_test_passed=False, packages_select=['yolov5_vision'], packages_skip=None, packages_select_regex=None, packages_skip_regex=None, packages_start=None, packages_end=None, cmake_args=None, cmake_target=None, cmake_target_skip_unavailable=False, cmake_clean_cache=False, cmake_clean_first=False, cmake_force_configure=False, ament_cmake_args=None, catkin_cmake_args=None, catkin_skip_building_tests=False, mixin_files=None, mixin=None, verb_parser=<colcon_mixin.mixin.mixin_argument.MixinArgumentDecorator object at 0x7f7fc950f0>, verb_extension=<colcon_core.verb.build.BuildVerb object at 0x7f7fc94be0>, main=<bound method BuildVerb.main of <colcon_core.verb.build.BuildVerb object at 0x7f7fc94be0>>, mixin_verb=('build',))
[3.331s] Level 1:colcon.colcon_core.package_discovery:discover_packages(colcon_meta) check parameters
[3.331s] Level 1:colcon.colcon_core.package_discovery:discover_packages(recursive) check parameters
[3.331s] Level 1:colcon.colcon_core.package_discovery:discover_packages(ignore) check parameters
[3.332s] Level 1:colcon.colcon_core.package_discovery:discover_packages(path) check parameters
[3.332s] Level 1:colcon.colcon_core.package_discovery:discover_packages(colcon_meta) discover
[3.332s] Level 1:colcon.colcon_core.package_discovery:discover_packages(recursive) discover
[3.332s] INFO:colcon.colcon_core.package_discovery:Crawling recursively for packages in '/home/orangepi/catkin_ws'
[3.333s] Level 1:colcon.colcon_core.package_identification:_identify(.) by extensions ['ignore', 'ignore_ament_install']
[3.337s] Level 1:colcon.colcon_core.package_identification:_identify(.) by extension 'ignore'
[3.338s] Level 1:colcon.colcon_core.package_identification:_identify(.) by extension 'ignore_ament_install'
[3.338s] Level 1:colcon.colcon_core.package_identification:_identify(.) by extensions ['colcon_pkg']
[3.338s] Level 1:colcon.colcon_core.package_identification:_identify(.) by extension 'colcon_pkg'
[3.339s] Level 1:colcon.colcon_core.package_identification:_identify(.) by extensions ['colcon_meta']
[3.339s] Level 1:colcon.colcon_core.package_identification:_identify(.) by extension 'colcon_meta'
[3.339s] Level 1:colcon.colcon_core.package_identification:_identify(.) by extensions ['ros']
[3.339s] Level 1:colcon.colcon_core.package_identification:_identify(.) by extension 'ros'
[3.436s] Level 1:colcon.colcon_core.package_identification:_identify(.) by extensions ['cmake', 'python']
[3.436s] Level 1:colcon.colcon_core.package_identification:_identify(.) by extension 'cmake'
[3.436s] Level 1:colcon.colcon_core.package_identification:_identify(.) by extension 'python'
[3.436s] Level 1:colcon.colcon_core.package_identification:_identify(.) by extensions ['python_setup_py']
[3.436s] Level 1:colcon.colcon_core.package_identification:_identify(.) by extension 'python_setup_py'
[3.437s] Level 1:colcon.colcon_core.package_identification:_identify(build) by extensions ['ignore', 'ignore_ament_install']
[3.437s] Level 1:colcon.colcon_core.package_identification:_identify(build) by extension 'ignore'
[3.437s] Level 1:colcon.colcon_core.package_identification:_identify(build) ignored
[3.441s] Level 1:colcon.colcon_core.package_identification:_identify(devel) by extensions ['ignore', 'ignore_ament_install']
[3.441s] Level 1:colcon.colcon_core.package_identification:_identify(devel) by extension 'ignore'
[3.441s] Level 1:colcon.colcon_core.package_identification:_identify(devel) by extension 'ignore_ament_install'
[3.446s] Level 1:colcon.colcon_core.package_identification:_identify(devel) by extensions ['colcon_pkg']
[3.446s] Level 1:colcon.colcon_core.package_identification:_identify(devel) by extension 'colcon_pkg'
[3.446s] Level 1:colcon.colcon_core.package_identification:_identify(devel) by extensions ['colcon_meta']
[3.446s] Level 1:colcon.colcon_core.package_identification:_identify(devel) by extension 'colcon_meta'
[3.446s] Level 1:colcon.colcon_core.package_identification:_identify(devel) by extensions ['ros']
[3.446s] Level 1:colcon.colcon_core.package_identification:_identify(devel) by extension 'ros'
[3.446s] Level 1:colcon.colcon_core.package_identification:_identify(devel) by extensions ['cmake', 'python']
[3.446s] Level 1:colcon.colcon_core.package_identification:_identify(devel) by extension 'cmake'
[3.446s] Level 1:colcon.colcon_core.package_identification:_identify(devel) by extension 'python'
[3.446s] Level 1:colcon.colcon_core.package_identification:_identify(devel) by extensions ['python_setup_py']
[3.446s] Level 1:colcon.colcon_core.package_identification:_identify(devel) by extension 'python_setup_py'
[3.448s] Level 1:colcon.colcon_core.package_identification:_identify(install) by extensions ['ignore', 'ignore_ament_install']
[3.448s] Level 1:colcon.colcon_core.package_identification:_identify(install) by extension 'ignore'
[3.448s] Level 1:colcon.colcon_core.package_identification:_identify(install) ignored
[3.448s] Level 1:colcon.colcon_core.package_identification:_identify(log) by extensions ['ignore', 'ignore_ament_install']
[3.449s] Level 1:colcon.colcon_core.package_identification:_identify(log) by extension 'ignore'
[3.449s] Level 1:colcon.colcon_core.package_identification:_identify(log) ignored
[3.453s] Level 1:colcon.colcon_core.package_identification:_identify(logs) by extensions ['ignore', 'ignore_ament_install']
[3.454s] Level 1:colcon.colcon_core.package_identification:_identify(logs) by extension 'ignore'
[3.454s] Level 1:colcon.colcon_core.package_identification:_identify(logs) by extension 'ignore_ament_install'
[3.454s] Level 1:colcon.colcon_core.package_identification:_identify(logs) by extensions ['colcon_pkg']
[3.454s] Level 1:colcon.colcon_core.package_identification:_identify(logs) by extension 'colcon_pkg'
[3.454s] Level 1:colcon.colcon_core.package_identification:_identify(logs) by extensions ['colcon_meta']
[3.454s] Level 1:colcon.colcon_core.package_identification:_identify(logs) by extension 'colcon_meta'
[3.454s] Level 1:colcon.colcon_core.package_identification:_identify(logs) by extensions ['ros']
[3.454s] Level 1:colcon.colcon_core.package_identification:_identify(logs) by extension 'ros'
[3.455s] Level 1:colcon.colcon_core.package_identification:_identify(logs) by extensions ['cmake', 'python']
[3.455s] Level 1:colcon.colcon_core.package_identification:_identify(logs) by extension 'cmake'
[3.455s] Level 1:colcon.colcon_core.package_identification:_identify(logs) by extension 'python'
[3.455s] Level 1:colcon.colcon_core.package_identification:_identify(logs) by extensions ['python_setup_py']
[3.455s] Level 1:colcon.colcon_core.package_identification:_identify(logs) by extension 'python_setup_py'
[3.456s] Level 1:colcon.colcon_core.package_identification:_identify(logs/catkin_tools_prebuild) by extensions ['ignore', 'ignore_ament_install']
[3.456s] Level 1:colcon.colcon_core.package_identification:_identify(logs/catkin_tools_prebuild) by extension 'ignore'
[3.456s] Level 1:colcon.colcon_core.package_identification:_identify(logs/catkin_tools_prebuild) by extension 'ignore_ament_install'
[3.456s] Level 1:colcon.colcon_core.package_identification:_identify(logs/catkin_tools_prebuild) by extensions ['colcon_pkg']
[3.456s] Level 1:colcon.colcon_core.package_identification:_identify(logs/catkin_tools_prebuild) by extension 'colcon_pkg'
[3.456s] Level 1:colcon.colcon_core.package_identification:_identify(logs/catkin_tools_prebuild) by extensions ['colcon_meta']
[3.456s] Level 1:colcon.colcon_core.package_identification:_identify(logs/catkin_tools_prebuild) by extension 'colcon_meta'
[3.456s] Level 1:colcon.colcon_core.package_identification:_identify(logs/catkin_tools_prebuild) by extensions ['ros']
[3.457s] Level 1:colcon.colcon_core.package_identification:_identify(logs/catkin_tools_prebuild) by extension 'ros'
[3.457s] Level 1:colcon.colcon_core.package_identification:_identify(logs/catkin_tools_prebuild) by extensions ['cmake', 'python']
[3.457s] Level 1:colcon.colcon_core.package_identification:_identify(logs/catkin_tools_prebuild) by extension 'cmake'
[3.457s] Level 1:colcon.colcon_core.package_identification:_identify(logs/catkin_tools_prebuild) by extension 'python'
[3.457s] Level 1:colcon.colcon_core.package_identification:_identify(logs/catkin_tools_prebuild) by extensions ['python_setup_py']
[3.457s] Level 1:colcon.colcon_core.package_identification:_identify(logs/catkin_tools_prebuild) by extension 'python_setup_py'
[3.457s] Level 1:colcon.colcon_core.package_identification:_identify(src) by extensions ['ignore', 'ignore_ament_install']
[3.461s] Level 1:colcon.colcon_core.package_identification:_identify(src) by extension 'ignore'
[3.462s] Level 1:colcon.colcon_core.package_identification:_identify(src) by extension 'ignore_ament_install'
[3.462s] Level 1:colcon.colcon_core.package_identification:_identify(src) by extensions ['colcon_pkg']
[3.462s] Level 1:colcon.colcon_core.package_identification:_identify(src) by extension 'colcon_pkg'
[3.462s] Level 1:colcon.colcon_core.package_identification:_identify(src) by extensions ['colcon_meta']
[3.462s] Level 1:colcon.colcon_core.package_identification:_identify(src) by extension 'colcon_meta'
[3.462s] Level 1:colcon.colcon_core.package_identification:_identify(src) by extensions ['ros']
[3.462s] Level 1:colcon.colcon_core.package_identification:_identify(src) by extension 'ros'
[3.462s] Level 1:colcon.colcon_core.package_identification:_identify(src) by extensions ['cmake', 'python']
[3.462s] Level 1:colcon.colcon_core.package_identification:_identify(src) by extension 'cmake'
[3.462s] Level 1:colcon.colcon_core.package_identification:_identify(src) by extension 'python'
[3.462s] Level 1:colcon.colcon_core.package_identification:_identify(src) by extensions ['python_setup_py']
[3.463s] Level 1:colcon.colcon_core.package_identification:_identify(src) by extension 'python_setup_py'
[3.463s] Level 1:colcon.colcon_core.package_identification:_identify(src/launch) by extensions ['ignore', 'ignore_ament_install']
[3.464s] Level 1:colcon.colcon_core.package_identification:_identify(src/launch) by extension 'ignore'
[3.464s] Level 1:colcon.colcon_core.package_identification:_identify(src/launch) by extension 'ignore_ament_install'
[3.464s] Level 1:colcon.colcon_core.package_identification:_identify(src/launch) by extensions ['colcon_pkg']
[3.464s] Level 1:colcon.colcon_core.package_identification:_identify(src/launch) by extension 'colcon_pkg'
[3.464s] Level 1:colcon.colcon_core.package_identification:_identify(src/launch) by extensions ['colcon_meta']
[3.464s] Level 1:colcon.colcon_core.package_identification:_identify(src/launch) by extension 'colcon_meta'
[3.464s] Level 1:colcon.colcon_core.package_identification:_identify(src/launch) by extensions ['ros']
[3.464s] Level 1:colcon.colcon_core.package_identification:_identify(src/launch) by extension 'ros'
[3.464s] Level 1:colcon.colcon_core.package_identification:_identify(src/launch) by extensions ['cmake', 'python']
[3.464s] Level 1:colcon.colcon_core.package_identification:_identify(src/launch) by extension 'cmake'
[3.464s] Level 1:colcon.colcon_core.package_identification:_identify(src/launch) by extension 'python'
[3.465s] Level 1:colcon.colcon_core.package_identification:_identify(src/launch) by extensions ['python_setup_py']
[3.465s] Level 1:colcon.colcon_core.package_identification:_identify(src/launch) by extension 'python_setup_py'
[3.465s] Level 1:colcon.colcon_core.package_identification:_identify(src/libawnn_viplite) by extensions ['ignore', 'ignore_ament_install']
[3.465s] Level 1:colcon.colcon_core.package_identification:_identify(src/libawnn_viplite) by extension 'ignore'
[3.466s] Level 1:colcon.colcon_core.package_identification:_identify(src/libawnn_viplite) by extension 'ignore_ament_install'
[3.466s] Level 1:colcon.colcon_core.package_identification:_identify(src/libawnn_viplite) by extensions ['colcon_pkg']
[3.466s] Level 1:colcon.colcon_core.package_identification:_identify(src/libawnn_viplite) by extension 'colcon_pkg'
[3.466s] Level 1:colcon.colcon_core.package_identification:_identify(src/libawnn_viplite) by extensions ['colcon_meta']
[3.466s] Level 1:colcon.colcon_core.package_identification:_identify(src/libawnn_viplite) by extension 'colcon_meta'
[3.466s] Level 1:colcon.colcon_core.package_identification:_identify(src/libawnn_viplite) by extensions ['ros']
[3.466s] Level 1:colcon.colcon_core.package_identification:_identify(src/libawnn_viplite) by extension 'ros'
[3.466s] Level 1:colcon.colcon_core.package_identification:_identify(src/libawnn_viplite) by extensions ['cmake', 'python']
[3.466s] Level 1:colcon.colcon_core.package_identification:_identify(src/libawnn_viplite) by extension 'cmake'
[3.466s] Level 1:colcon.colcon_core.package_identification:_identify(src/libawnn_viplite) by extension 'python'
[3.466s] Level 1:colcon.colcon_core.package_identification:_identify(src/libawnn_viplite) by extensions ['python_setup_py']
[3.466s] Level 1:colcon.colcon_core.package_identification:_identify(src/libawnn_viplite) by extension 'python_setup_py'
[3.469s] Level 1:colcon.colcon_core.package_identification:_identify(src/libawutils) by extensions ['ignore', 'ignore_ament_install']
[3.470s] Level 1:colcon.colcon_core.package_identification:_identify(src/libawutils) by extension 'ignore'
[3.470s] Level 1:colcon.colcon_core.package_identification:_identify(src/libawutils) by extension 'ignore_ament_install'
[3.470s] Level 1:colcon.colcon_core.package_identification:_identify(src/libawutils) by extensions ['colcon_pkg']
[3.470s] Level 1:colcon.colcon_core.package_identification:_identify(src/libawutils) by extension 'colcon_pkg'
[3.470s] Level 1:colcon.colcon_core.package_identification:_identify(src/libawutils) by extensions ['colcon_meta']
[3.470s] Level 1:colcon.colcon_core.package_identification:_identify(src/libawutils) by extension 'colcon_meta'
[3.470s] Level 1:colcon.colcon_core.package_identification:_identify(src/libawutils) by extensions ['ros']
[3.470s] Level 1:colcon.colcon_core.package_identification:_identify(src/libawutils) by extension 'ros'
[3.470s] Level 1:colcon.colcon_core.package_identification:_identify(src/libawutils) by extensions ['cmake', 'python']
[3.470s] Level 1:colcon.colcon_core.package_identification:_identify(src/libawutils) by extension 'cmake'
[3.471s] Level 1:colcon.colcon_core.package_identification:_identify(src/libawutils) by extension 'python'
[3.471s] Level 1:colcon.colcon_core.package_identification:_identify(src/libawutils) by extensions ['python_setup_py']
[3.471s] Level 1:colcon.colcon_core.package_identification:_identify(src/libawutils) by extension 'python_setup_py'
[3.471s] Level 1:colcon.colcon_core.package_identification:_identify(src/motor_control) by extensions ['ignore', 'ignore_ament_install']
[3.471s] Level 1:colcon.colcon_core.package_identification:_identify(src/motor_control) by extension 'ignore'
[3.471s] Level 1:colcon.colcon_core.package_identification:_identify(src/motor_control) by extension 'ignore_ament_install'
[3.471s] Level 1:colcon.colcon_core.package_identification:_identify(src/motor_control) by extensions ['colcon_pkg']
[3.471s] Level 1:colcon.colcon_core.package_identification:_identify(src/motor_control) by extension 'colcon_pkg'
[3.471s] Level 1:colcon.colcon_core.package_identification:_identify(src/motor_control) by extensions ['colcon_meta']
[3.471s] Level 1:colcon.colcon_core.package_identification:_identify(src/motor_control) by extension 'colcon_meta'
[3.471s] Level 1:colcon.colcon_core.package_identification:_identify(src/motor_control) by extensions ['ros']
[3.472s] Level 1:colcon.colcon_core.package_identification:_identify(src/motor_control) by extension 'ros'
[3.488s] DEBUG:colcon.colcon_core.package_identification:Package 'src/motor_control' with type 'ros.catkin' and name 'motor_control'
[3.488s] Level 1:colcon.colcon_core.package_identification:_identify(src/yolov5_vision) by extensions ['ignore', 'ignore_ament_install']
[3.489s] Level 1:colcon.colcon_core.package_identification:_identify(src/yolov5_vision) by extension 'ignore'
[3.489s] Level 1:colcon.colcon_core.package_identification:_identify(src/yolov5_vision) by extension 'ignore_ament_install'
[3.489s] Level 1:colcon.colcon_core.package_identification:_identify(src/yolov5_vision) by extensions ['colcon_pkg']
[3.489s] Level 1:colcon.colcon_core.package_identification:_identify(src/yolov5_vision) by extension 'colcon_pkg'
[3.489s] Level 1:colcon.colcon_core.package_identification:_identify(src/yolov5_vision) by extensions ['colcon_meta']
[3.489s] Level 1:colcon.colcon_core.package_identification:_identify(src/yolov5_vision) by extension 'colcon_meta'
[3.493s] Level 1:colcon.colcon_core.package_identification:_identify(src/yolov5_vision) by extensions ['ros']
[3.494s] Level 1:colcon.colcon_core.package_identification:_identify(src/yolov5_vision) by extension 'ros'
[3.497s] DEBUG:colcon.colcon_core.package_identification:Package 'src/yolov5_vision' with type 'ros.catkin' and name 'yolov5_vision'
[3.497s] Level 1:colcon.colcon_core.package_discovery:discover_packages(recursive) using defaults
[3.497s] Level 1:colcon.colcon_core.package_discovery:discover_packages(ignore) discover
[3.497s] Level 1:colcon.colcon_core.package_discovery:discover_packages(ignore) using defaults
[3.498s] Level 1:colcon.colcon_core.package_discovery:discover_packages(path) discover
[3.498s] Level 1:colcon.colcon_core.package_discovery:discover_packages(path) using defaults
[3.649s] INFO:colcon.colcon_core.package_selection:Skipping not selected package 'motor_control' in 'src/motor_control'
[3.656s] Level 5:colcon.colcon_core.verb:set package 'yolov5_vision' build argument 'cmake_args' from command line to 'None'
[3.656s] Level 5:colcon.colcon_core.verb:set package 'yolov5_vision' build argument 'cmake_target' from command line to 'None'
[3.656s] Level 5:colcon.colcon_core.verb:set package 'yolov5_vision' build argument 'cmake_target_skip_unavailable' from command line to 'False'
[3.656s] Level 5:colcon.colcon_core.verb:set package 'yolov5_vision' build argument 'cmake_clean_cache' from command line to 'False'
[3.656s] Level 5:colcon.colcon_core.verb:set package 'yolov5_vision' build argument 'cmake_clean_first' from command line to 'False'
[3.656s] Level 5:colcon.colcon_core.verb:set package 'yolov5_vision' build argument 'cmake_force_configure' from command line to 'False'
[3.656s] Level 5:colcon.colcon_core.verb:set package 'yolov5_vision' build argument 'ament_cmake_args' from command line to 'None'
[3.656s] Level 5:colcon.colcon_core.verb:set package 'yolov5_vision' build argument 'catkin_cmake_args' from command line to 'None'
[3.656s] Level 5:colcon.colcon_core.verb:set package 'yolov5_vision' build argument 'catkin_skip_building_tests' from command line to 'False'
[3.656s] DEBUG:colcon.colcon_core.verb:Building package 'yolov5_vision' with the following arguments: {'ament_cmake_args': None, 'build_base': '/home/orangepi/catkin_ws/build/yolov5_vision', 'catkin_cmake_args': None, 'catkin_skip_building_tests': False, 'cmake_args': None, 'cmake_clean_cache': False, 'cmake_clean_first': False, 'cmake_force_configure': False, 'cmake_target': None, 'cmake_target_skip_unavailable': False, 'install_base': '/home/orangepi/catkin_ws/install/yolov5_vision', 'merge_install': False, 'path': '/home/orangepi/catkin_ws/src/yolov5_vision', 'symlink_install': False, 'test_result_base': None}
[3.657s] INFO:colcon.colcon_core.executor:Executing jobs using 'parallel' executor
[3.659s] DEBUG:colcon.colcon_parallel_executor.executor.parallel:run_until_complete
[3.660s] INFO:colcon.colcon_ros.task.catkin.build:Building ROS package in '/home/orangepi/catkin_ws/src/yolov5_vision' with build type 'catkin'
[3.661s] INFO:colcon.colcon_cmake.task.cmake.build:Building CMake package in '/home/orangepi/catkin_ws/src/yolov5_vision'
[3.680s] INFO:colcon.colcon_core.plugin_system:Skipping extension 'colcon_core.shell.bat': Not used on non-Windows systems
[3.681s] INFO:colcon.colcon_core.shell:Skip shell extension 'powershell' for command environment: Not usable outside of PowerShell
[3.681s] DEBUG:colcon.colcon_core.shell:Skip shell extension 'dsv' for command environment
[3.801s] DEBUG:colcon.colcon_core.event_handler.log_command:Invoking command in '/home/orangepi/catkin_ws/build/yolov5_vision': /usr/bin/cmake --build /home/orangepi/catkin_ws/build/yolov5_vision -- -j8 -l8
[40.205s] DEBUG:colcon.colcon_core.event_handler.log_command:Invoked command in '/home/orangepi/catkin_ws/build/yolov5_vision' returned '0': /usr/bin/cmake --build /home/orangepi/catkin_ws/build/yolov5_vision -- -j8 -l8
[40.268s] DEBUG:colcon.colcon_core.event_handler.log_command:Invoking command in '/home/orangepi/catkin_ws/build/yolov5_vision': /usr/bin/cmake --install /home/orangepi/catkin_ws/build/yolov5_vision
[40.352s] Level 1:colcon.colcon_core.shell:create_environment_hook('yolov5_vision', 'ros_package_path')
[40.358s] INFO:colcon.colcon_core.shell:Creating environment hook '/home/orangepi/catkin_ws/install/yolov5_vision/share/yolov5_vision/hook/ros_package_path.ps1'
[40.359s] DEBUG:colcon.colcon_core.event_handler.log_command:Invoked command in '/home/orangepi/catkin_ws/build/yolov5_vision' returned '0': /usr/bin/cmake --install /home/orangepi/catkin_ws/build/yolov5_vision
[40.360s] INFO:colcon.colcon_core.shell:Creating environment descriptor '/home/orangepi/catkin_ws/install/yolov5_vision/share/yolov5_vision/hook/ros_package_path.dsv'
[40.371s] INFO:colcon.colcon_core.shell:Creating environment hook '/home/orangepi/catkin_ws/install/yolov5_vision/share/yolov5_vision/hook/ros_package_path.sh'
[40.379s] Level 1:colcon.colcon_core.shell:create_environment_hook('yolov5_vision', 'pkg_config_path')
[40.381s] INFO:colcon.colcon_core.shell:Creating environment hook '/home/orangepi/catkin_ws/install/yolov5_vision/share/yolov5_vision/hook/pkg_config_path.ps1'
[40.391s] INFO:colcon.colcon_core.shell:Creating environment descriptor '/home/orangepi/catkin_ws/install/yolov5_vision/share/yolov5_vision/hook/pkg_config_path.dsv'
[40.398s] INFO:colcon.colcon_core.shell:Creating environment hook '/home/orangepi/catkin_ws/install/yolov5_vision/share/yolov5_vision/hook/pkg_config_path.sh'
[40.424s] Level 1:colcon.colcon_core.shell:create_environment_hook('yolov5_vision', 'pkg_config_path_multiarch')
[40.425s] INFO:colcon.colcon_core.shell:Creating environment hook '/home/orangepi/catkin_ws/install/yolov5_vision/share/yolov5_vision/hook/pkg_config_path_multiarch.ps1'
[40.427s] INFO:colcon.colcon_core.shell:Creating environment descriptor '/home/orangepi/catkin_ws/install/yolov5_vision/share/yolov5_vision/hook/pkg_config_path_multiarch.dsv'
[40.429s] INFO:colcon.colcon_core.shell:Creating environment hook '/home/orangepi/catkin_ws/install/yolov5_vision/share/yolov5_vision/hook/pkg_config_path_multiarch.sh'
[40.436s] Level 1:colcon.colcon_core.environment:create_environment_scripts_only(yolov5_vision)
[40.460s] Level 1:colcon.colcon_core.environment:checking '/home/orangepi/catkin_ws/install/yolov5_vision' for CMake module files
[40.467s] Level 1:colcon.colcon_core.environment:checking '/home/orangepi/catkin_ws/install/yolov5_vision' for CMake config files
[40.470s] Level 1:colcon.colcon_core.shell:create_environment_hook('yolov5_vision', 'cmake_prefix_path')
[40.470s] INFO:colcon.colcon_core.shell:Creating environment hook '/home/orangepi/catkin_ws/install/yolov5_vision/share/yolov5_vision/hook/cmake_prefix_path.ps1'
[40.472s] INFO:colcon.colcon_core.shell:Creating environment descriptor '/home/orangepi/catkin_ws/install/yolov5_vision/share/yolov5_vision/hook/cmake_prefix_path.dsv'
[40.477s] INFO:colcon.colcon_core.shell:Creating environment hook '/home/orangepi/catkin_ws/install/yolov5_vision/share/yolov5_vision/hook/cmake_prefix_path.sh'
[40.479s] Level 1:colcon.colcon_core.environment:checking '/home/orangepi/catkin_ws/install/yolov5_vision/lib'
[40.480s] Level 1:colcon.colcon_core.environment:checking '/home/orangepi/catkin_ws/install/yolov5_vision/bin'
[40.480s] Level 1:colcon.colcon_core.environment:checking '/home/orangepi/catkin_ws/install/yolov5_vision/lib/pkgconfig/yolov5_vision.pc'
[40.495s] Level 1:colcon.colcon_core.environment:checking '/home/orangepi/catkin_ws/install/yolov5_vision/lib/python3.10/site-packages'
[40.496s] Level 1:colcon.colcon_core.environment:checking '/home/orangepi/catkin_ws/install/yolov5_vision/bin'
[40.497s] INFO:colcon.colcon_core.shell:Creating package script '/home/orangepi/catkin_ws/install/yolov5_vision/share/yolov5_vision/package.ps1'
[40.502s] INFO:colcon.colcon_core.shell:Creating package descriptor '/home/orangepi/catkin_ws/install/yolov5_vision/share/yolov5_vision/package.dsv'
[40.513s] INFO:colcon.colcon_core.shell:Creating package script '/home/orangepi/catkin_ws/install/yolov5_vision/share/yolov5_vision/package.sh'
[40.516s] INFO:colcon.colcon_core.shell:Creating package script '/home/orangepi/catkin_ws/install/yolov5_vision/share/yolov5_vision/package.bash'
[40.524s] INFO:colcon.colcon_core.shell:Creating package script '/home/orangepi/catkin_ws/install/yolov5_vision/share/yolov5_vision/package.zsh'
[40.528s] Level 1:colcon.colcon_core.environment:create_file_with_runtime_dependencies(/home/orangepi/catkin_ws/install/yolov5_vision/share/colcon-core/packages/yolov5_vision)
[40.534s] DEBUG:colcon.colcon_parallel_executor.executor.parallel:closing loop
[40.538s] DEBUG:colcon.colcon_parallel_executor.executor.parallel:loop closed
[40.538s] DEBUG:colcon.colcon_parallel_executor.executor.parallel:run_until_complete finished with '0'
[40.538s] DEBUG:colcon.colcon_core.event_reactor:joining thread
[40.544s] DEBUG:colcon.colcon_core.event_reactor:joined thread
[40.545s] INFO:colcon.colcon_core.shell:Creating prefix script '/home/orangepi/catkin_ws/install/local_setup.ps1'
[40.547s] INFO:colcon.colcon_core.shell:Creating prefix util module '/home/orangepi/catkin_ws/install/_local_setup_util_ps1.py'
[40.556s] INFO:colcon.colcon_core.shell:Creating prefix chain script '/home/orangepi/catkin_ws/install/setup.ps1'
[40.565s] INFO:colcon.colcon_core.shell:Creating prefix script '/home/orangepi/catkin_ws/install/local_setup.sh'
[40.572s] INFO:colcon.colcon_core.shell:Creating prefix util module '/home/orangepi/catkin_ws/install/_local_setup_util_sh.py'
[40.584s] INFO:colcon.colcon_core.shell:Creating prefix chain script '/home/orangepi/catkin_ws/install/setup.sh'
[40.602s] INFO:colcon.colcon_core.shell:Creating prefix script '/home/orangepi/catkin_ws/install/local_setup.bash'
[40.606s] INFO:colcon.colcon_core.shell:Creating prefix chain script '/home/orangepi/catkin_ws/install/setup.bash'
[40.614s] INFO:colcon.colcon_core.shell:Creating prefix script '/home/orangepi/catkin_ws/install/local_setup.zsh'
[40.617s] INFO:colcon.colcon_core.shell:Creating prefix chain script '/home/orangepi/catkin_ws/install/setup.zsh'
